Loading plugins phase: Elapsed time ==> 0s.381ms
<CYPRESSTAG name="CyDsfit arguments...">
cydsfit arguments: -.fdsnotice -.fdswarpdepfile=warp_dependencies.txt -.fdselabdepfile=elab_dependencies.txt -.fdsbldfile=generated_files.txt -.fdsreffile=referenced_files.txt -p E:\GitHub\SmartBox\firmware\SmartBox\SmartBox.cydsn\SmartBox.cyprj -d CY8C4247LQI-BL483 -s E:\GitHub\SmartBox\firmware\SmartBox\SmartBox.cydsn\Generated_Source\PSoC4 -- -yv2 -q10 -ygs -o2 -v3 -.fftcfgtype=LE
</CYPRESSTAG>
<CYPRESSTAG name="Design elaboration results...">
</CYPRESSTAG>
Elaboration phase: Elapsed time ==> 3s.772ms
<CYPRESSTAG name="HDL generation results...">
</CYPRESSTAG>
HDL generation phase: Elapsed time ==> 0s.175ms
<CYPRESSTAG name="Synthesis results...">

     | | | | | | |
   _________________
  -|               |-
  -|               |-
  -|               |-
  -|    CYPRESS    |-
  -|               |-
  -|               |-   Warp Verilog Synthesis Compiler: Version 6.3 IR 41
  -|               |-   Copyright (C) 1991-2001 Cypress Semiconductor
   |_______________|
     | | | | | | |

======================================================================
Compiling:  SmartBox.v
Program  :   E:\PSoC Creator\4.1\PSoC Creator\warp\bin\warp.exe
Options  :    -yv2 -q10 -ygs -o2 -v3 -.fftcfgtype=LE -ya -.fftprj=E:\GitHub\SmartBox\firmware\SmartBox\SmartBox.cydsn\SmartBox.cyprj -dcpsoc3 SmartBox.v -verilog
======================================================================

======================================================================
Compiling:  SmartBox.v
Program  :   E:\PSoC Creator\4.1\PSoC Creator\warp\bin\warp.exe
Options  :    -yv2 -q10 -ygs -o2 -v3 -.fftcfgtype=LE -ya -.fftprj=E:\GitHub\SmartBox\firmware\SmartBox\SmartBox.cydsn\SmartBox.cyprj -dcpsoc3 SmartBox.v -verilog
======================================================================

======================================================================
Compiling:  SmartBox.v
Program  :   vlogfe
Options  :    -yv2 -q10 -ygs -o2 -v3 -.fftcfgtype=LE -ya -.fftprj=E:\GitHub\SmartBox\firmware\SmartBox\SmartBox.cydsn\SmartBox.cyprj -dcpsoc3 -verilog SmartBox.v
======================================================================

vlogfe V6.3 IR 41:  Verilog parser
Tue Jun 27 10:39:18 2017


======================================================================
Compiling:  SmartBox.v
Program  :   vpp
Options  :    -yv2 -q10 SmartBox.v
======================================================================

vpp V6.3 IR 41:  Verilog Pre-Processor
Tue Jun 27 10:39:18 2017

Flattening file 'E:\PSoC Creator\4.1\PSoC Creator\psoc\content\CyPrimitives\cyprimitives.cylib\or_v1_0\or_v1_0.v'
Flattening file 'E:\PSoC Creator\4.1\PSoC Creator\psoc\content\CyPrimitives\cyprimitives.cylib\cy_constant_v1_0\cy_constant_v1_0.v'
Flattening file 'E:\PSoC Creator\4.1\PSoC Creator\psoc\content\CyPrimitives\cyprimitives.cylib\ZeroTerminal\ZeroTerminal.v'
Flattening file 'E:\PSoC Creator\4.1\PSoC Creator\psoc\content\CyPrimitives\cyprimitives.cylib\cy_analog_virtualmux_v1_0\cy_analog_virtualmux_v1_0.v'
Flattening file 'E:\PSoC Creator\4.1\PSoC Creator\psoc\content\CyComponentLibrary\CyComponentLibrary.cylib\Bus_Connect_v2_40\Bus_Connect_v2_40.v'
Flattening file 'E:\PSoC Creator\4.1\PSoC Creator\warp\lib\common\cypress.v'
Flattening file 'E:\PSoC Creator\4.1\PSoC Creator\warp\lib\common\cy_psoc3_inc.v'
Flattening file 'E:\PSoC Creator\4.1\PSoC Creator\psoc\content\CyPrimitives\cyprimitives.cylib\cy_virtualmux_v1_0\cy_virtualmux_v1_0.v'
Flattening file 'E:\PSoC Creator\4.1\PSoC Creator\psoc\content\CyComponentLibrary\CyComponentLibrary.cylib\B_PWM_v3_30\B_PWM_v3_30.v'
Flattening file 'E:\PSoC Creator\4.1\PSoC Creator\warp\lib\common\cypress.v'
Flattening file 'E:\PSoC Creator\4.1\PSoC Creator\psoc\content\CyPrimitives\cyprimitives.cylib\and_v1_0\and_v1_0.v'

vpp:  No errors.

Library 'work' => directory 'lcpsoc3'
General_symbol_table
General_symbol_table
Linking 'E:\PSoC Creator\4.1\PSoC Creator\warp\lib\common\std.vhd'.
Linking 'E:\PSoC Creator\4.1\PSoC Creator\warp\lib\common\cypress.vhd'.
Linking 'E:\PSoC Creator\4.1\PSoC Creator\warp\lib\common\work\cypress.vif'.
Linking 'E:\PSoC Creator\4.1\PSoC Creator\warp\lib\ieee\work\stdlogic.vif'.
Linking 'E:\PSoC Creator\4.1\PSoC Creator\warp\lib\common\stdlogic\lpmpkg.vif'.
Linking 'E:\PSoC Creator\4.1\PSoC Creator\warp\lib\common\stdlogic\rtlpkg.vif'.
Linking 'E:\PSoC Creator\4.1\PSoC Creator\warp\lib\common\stdlogic\mod_cnst.vif'.
Linking 'E:\PSoC Creator\4.1\PSoC Creator\warp\lib\common\stdlogic\mod_mthv.vif'.
Linking 'E:\PSoC Creator\4.1\PSoC Creator\warp\lib\common\stdlogic\mod_genv.vif'.
Using control file 'SmartBox.ctl'.
E:\PSoC Creator\4.1\PSoC Creator\psoc\content\CyComponentLibrary\CyComponentLibrary.cylib\B_PWM_v3_30\B_PWM_v3_30.v (line 947, col 46):  Note: Substituting module 'sub_vi_vv' for '-'.
E:\PSoC Creator\4.1\PSoC Creator\psoc\content\CyComponentLibrary\CyComponentLibrary.cylib\B_PWM_v3_30\B_PWM_v3_30.v (line 977, col 46):  Note: Substituting module 'add_vi_vv' for '+'.
Linking 'E:\PSoC Creator\4.1\PSoC Creator\warp\lib\common\stdlogic\cy_psoc3pkg.vif'.
Linking 'E:\PSoC Creator\4.1\PSoC Creator\warp\lib\common\stdlogic\cy_psoc3.vif'.

vlogfe:  No errors.


======================================================================
Compiling:  SmartBox.v
Program  :   tovif
Options  :    -yv2 -q10 -ygs -o2 -v3 -.fftcfgtype=LE -ya -.fftprj=E:\GitHub\SmartBox\firmware\SmartBox\SmartBox.cydsn\SmartBox.cyprj -dcpsoc3 -verilog SmartBox.v
======================================================================

tovif V6.3 IR 41:  High-level synthesis
Tue Jun 27 10:39:18 2017

Linking 'E:\PSoC Creator\4.1\PSoC Creator\warp\lib\common\std.vhd'.
Linking 'E:\PSoC Creator\4.1\PSoC Creator\warp\lib\common\cypress.vhd'.
Linking 'E:\PSoC Creator\4.1\PSoC Creator\warp\lib\common\work\cypress.vif'.
Linking 'E:\PSoC Creator\4.1\PSoC Creator\warp\lib\ieee\work\stdlogic.vif'.
Linking 'E:\PSoC Creator\4.1\PSoC Creator\warp\lib\common\stdlogic\lpmpkg.vif'.
Linking 'E:\PSoC Creator\4.1\PSoC Creator\warp\lib\common\stdlogic\rtlpkg.vif'.
Linking 'E:\PSoC Creator\4.1\PSoC Creator\warp\lib\common\stdlogic\mod_cnst.vif'.
Linking 'E:\PSoC Creator\4.1\PSoC Creator\warp\lib\common\stdlogic\mod_mthv.vif'.
Linking 'E:\PSoC Creator\4.1\PSoC Creator\warp\lib\common\stdlogic\mod_genv.vif'.
Linking 'E:\GitHub\SmartBox\firmware\SmartBox\SmartBox.cydsn\codegentemp\SmartBox.ctl'.
Linking 'E:\PSoC Creator\4.1\PSoC Creator\psoc\content\CyPrimitives\cyprimitives.cylib\or_v1_0\or_v1_0.v'.
Linking 'E:\GitHub\SmartBox\firmware\SmartBox\SmartBox.cydsn\codegentemp\SmartBox.v'.
Linking 'E:\PSoC Creator\4.1\PSoC Creator\psoc\content\CyPrimitives\cyprimitives.cylib\cy_constant_v1_0\cy_constant_v1_0.v'.
Linking 'E:\PSoC Creator\4.1\PSoC Creator\psoc\content\CyPrimitives\cyprimitives.cylib\ZeroTerminal\ZeroTerminal.v'.
Linking 'E:\PSoC Creator\4.1\PSoC Creator\psoc\content\CyPrimitives\cyprimitives.cylib\cy_analog_virtualmux_v1_0\cy_analog_virtualmux_v1_0.v'.
Linking 'E:\PSoC Creator\4.1\PSoC Creator\psoc\content\CyComponentLibrary\CyComponentLibrary.cylib\Bus_Connect_v2_40\Bus_Connect_v2_40.v'.
Linking 'E:\PSoC Creator\4.1\PSoC Creator\warp\lib\common\cypress.v'.
Linking 'E:\PSoC Creator\4.1\PSoC Creator\warp\lib\common\cy_psoc3_inc.v'.
Linking 'E:\PSoC Creator\4.1\PSoC Creator\psoc\content\CyPrimitives\cyprimitives.cylib\cy_virtualmux_v1_0\cy_virtualmux_v1_0.v'.
Linking 'E:\PSoC Creator\4.1\PSoC Creator\psoc\content\CyComponentLibrary\CyComponentLibrary.cylib\B_PWM_v3_30\B_PWM_v3_30.v'.
Linking 'E:\PSoC Creator\4.1\PSoC Creator\psoc\content\CyPrimitives\cyprimitives.cylib\and_v1_0\and_v1_0.v'.
Linking 'E:\PSoC Creator\4.1\PSoC Creator\warp\lib\common\stdlogic\cy_psoc3pkg.vif'.
Linking 'E:\PSoC Creator\4.1\PSoC Creator\warp\lib\common\stdlogic\cy_psoc3.vif'.
Linking 'E:\PSoC Creator\4.1\PSoC Creator\warp\lib\lcpsoc3\stdlogic\mod_cnst.vif'.

tovif:  No errors.


======================================================================
Compiling:  SmartBox.v
Program  :   topld
Options  :    -yv2 -q10 -ygs -o2 -v3 -.fftcfgtype=LE -ya -.fftprj=E:\GitHub\SmartBox\firmware\SmartBox\SmartBox.cydsn\SmartBox.cyprj -dcpsoc3 -verilog SmartBox.v
======================================================================

topld V6.3 IR 41:  Synthesis and optimization
Tue Jun 27 10:39:19 2017

Linking 'E:\PSoC Creator\4.1\PSoC Creator\warp\lib\common\std.vhd'.
Linking 'E:\PSoC Creator\4.1\PSoC Creator\warp\lib\common\cypress.vhd'.
Linking 'E:\PSoC Creator\4.1\PSoC Creator\warp\lib\common\work\cypress.vif'.
Linking 'E:\PSoC Creator\4.1\PSoC Creator\warp\lib\ieee\work\stdlogic.vif'.
Linking 'E:\PSoC Creator\4.1\PSoC Creator\warp\lib\common\stdlogic\lpmpkg.vif'.
Linking 'E:\PSoC Creator\4.1\PSoC Creator\warp\lib\common\stdlogic\rtlpkg.vif'.
Linking 'E:\PSoC Creator\4.1\PSoC Creator\warp\lib\common\stdlogic\mod_cnst.vif'.
Linking 'E:\PSoC Creator\4.1\PSoC Creator\warp\lib\common\stdlogic\mod_mthv.vif'.
Linking 'E:\PSoC Creator\4.1\PSoC Creator\warp\lib\common\stdlogic\mod_genv.vif'.
Linking 'E:\GitHub\SmartBox\firmware\SmartBox\SmartBox.cydsn\codegentemp\SmartBox.ctl'.
Linking 'E:\PSoC Creator\4.1\PSoC Creator\psoc\content\CyPrimitives\cyprimitives.cylib\or_v1_0\or_v1_0.v'.
Linking 'E:\GitHub\SmartBox\firmware\SmartBox\SmartBox.cydsn\codegentemp\SmartBox.v'.
Linking 'E:\PSoC Creator\4.1\PSoC Creator\psoc\content\CyPrimitives\cyprimitives.cylib\cy_constant_v1_0\cy_constant_v1_0.v'.
Linking 'E:\PSoC Creator\4.1\PSoC Creator\psoc\content\CyPrimitives\cyprimitives.cylib\ZeroTerminal\ZeroTerminal.v'.
Linking 'E:\PSoC Creator\4.1\PSoC Creator\psoc\content\CyPrimitives\cyprimitives.cylib\cy_analog_virtualmux_v1_0\cy_analog_virtualmux_v1_0.v'.
Linking 'E:\PSoC Creator\4.1\PSoC Creator\psoc\content\CyComponentLibrary\CyComponentLibrary.cylib\Bus_Connect_v2_40\Bus_Connect_v2_40.v'.
Linking 'E:\PSoC Creator\4.1\PSoC Creator\warp\lib\common\cypress.v'.
Linking 'E:\PSoC Creator\4.1\PSoC Creator\warp\lib\common\cy_psoc3_inc.v'.
Linking 'E:\PSoC Creator\4.1\PSoC Creator\psoc\content\CyPrimitives\cyprimitives.cylib\cy_virtualmux_v1_0\cy_virtualmux_v1_0.v'.
Linking 'E:\PSoC Creator\4.1\PSoC Creator\psoc\content\CyComponentLibrary\CyComponentLibrary.cylib\B_PWM_v3_30\B_PWM_v3_30.v'.
Linking 'E:\PSoC Creator\4.1\PSoC Creator\psoc\content\CyPrimitives\cyprimitives.cylib\and_v1_0\and_v1_0.v'.
Linking 'E:\PSoC Creator\4.1\PSoC Creator\warp\lib\common\stdlogic\cy_psoc3pkg.vif'.
Linking 'E:\PSoC Creator\4.1\PSoC Creator\warp\lib\common\stdlogic\cy_psoc3.vif'.
Linking 'E:\PSoC Creator\4.1\PSoC Creator\warp\lib\lcpsoc3\stdlogic\mod_cnst.vif'.
Linking 'E:\PSoC Creator\4.1\PSoC Creator\warp\lib\lcpsoc3\stdlogic\cpsoc3.vif'.

----------------------------------------------------------
Detecting unused logic.
----------------------------------------------------------
    User names
	Net_4
	\BLE_1:Net_55\
	\ADC_SAR_Seq_1:Net_3125\
	\ADC_SAR_Seq_1:Net_3126\
	\Blinker:PWMUDB:km_run\
	\Blinker:PWMUDB:ctrl_cmpmode2_2\
	\Blinker:PWMUDB:ctrl_cmpmode2_1\
	\Blinker:PWMUDB:ctrl_cmpmode2_0\
	\Blinker:PWMUDB:ctrl_cmpmode1_2\
	\Blinker:PWMUDB:ctrl_cmpmode1_1\
	\Blinker:PWMUDB:ctrl_cmpmode1_0\
	\Blinker:PWMUDB:capt_rising\
	\Blinker:PWMUDB:capt_falling\
	\Blinker:PWMUDB:trig_rise\
	\Blinker:PWMUDB:trig_fall\
	\Blinker:PWMUDB:sc_kill\
	\Blinker:PWMUDB:min_kill\
	\Blinker:PWMUDB:db_tc\
	\Blinker:PWMUDB:dith_sel\
	Net_118
	Net_127
	\Blinker:PWMUDB:MODULE_1:b_31\
	\Blinker:PWMUDB:MODULE_1:b_30\
	\Blinker:PWMUDB:MODULE_1:b_29\
	\Blinker:PWMUDB:MODULE_1:b_28\
	\Blinker:PWMUDB:MODULE_1:b_27\
	\Blinker:PWMUDB:MODULE_1:b_26\
	\Blinker:PWMUDB:MODULE_1:b_25\
	\Blinker:PWMUDB:MODULE_1:b_24\
	\Blinker:PWMUDB:MODULE_1:b_23\
	\Blinker:PWMUDB:MODULE_1:b_22\
	\Blinker:PWMUDB:MODULE_1:b_21\
	\Blinker:PWMUDB:MODULE_1:b_20\
	\Blinker:PWMUDB:MODULE_1:b_19\
	\Blinker:PWMUDB:MODULE_1:b_18\
	\Blinker:PWMUDB:MODULE_1:b_17\
	\Blinker:PWMUDB:MODULE_1:b_16\
	\Blinker:PWMUDB:MODULE_1:b_15\
	\Blinker:PWMUDB:MODULE_1:b_14\
	\Blinker:PWMUDB:MODULE_1:b_13\
	\Blinker:PWMUDB:MODULE_1:b_12\
	\Blinker:PWMUDB:MODULE_1:b_11\
	\Blinker:PWMUDB:MODULE_1:b_10\
	\Blinker:PWMUDB:MODULE_1:b_9\
	\Blinker:PWMUDB:MODULE_1:b_8\
	\Blinker:PWMUDB:MODULE_1:b_7\
	\Blinker:PWMUDB:MODULE_1:b_6\
	\Blinker:PWMUDB:MODULE_1:b_5\
	\Blinker:PWMUDB:MODULE_1:b_4\
	\Blinker:PWMUDB:MODULE_1:b_3\
	\Blinker:PWMUDB:MODULE_1:b_2\
	\Blinker:PWMUDB:MODULE_1:b_1\
	\Blinker:PWMUDB:MODULE_1:b_0\
	\Blinker:PWMUDB:MODULE_1:g2:a0:a_31\
	\Blinker:PWMUDB:MODULE_1:g2:a0:a_30\
	\Blinker:PWMUDB:MODULE_1:g2:a0:a_29\
	\Blinker:PWMUDB:MODULE_1:g2:a0:a_28\
	\Blinker:PWMUDB:MODULE_1:g2:a0:a_27\
	\Blinker:PWMUDB:MODULE_1:g2:a0:a_26\
	\Blinker:PWMUDB:MODULE_1:g2:a0:a_25\
	\Blinker:PWMUDB:MODULE_1:g2:a0:a_24\
	\Blinker:PWMUDB:MODULE_1:g2:a0:b_31\
	\Blinker:PWMUDB:MODULE_1:g2:a0:b_30\
	\Blinker:PWMUDB:MODULE_1:g2:a0:b_29\
	\Blinker:PWMUDB:MODULE_1:g2:a0:b_28\
	\Blinker:PWMUDB:MODULE_1:g2:a0:b_27\
	\Blinker:PWMUDB:MODULE_1:g2:a0:b_26\
	\Blinker:PWMUDB:MODULE_1:g2:a0:b_25\
	\Blinker:PWMUDB:MODULE_1:g2:a0:b_24\
	\Blinker:PWMUDB:MODULE_1:g2:a0:b_23\
	\Blinker:PWMUDB:MODULE_1:g2:a0:b_22\
	\Blinker:PWMUDB:MODULE_1:g2:a0:b_21\
	\Blinker:PWMUDB:MODULE_1:g2:a0:b_20\
	\Blinker:PWMUDB:MODULE_1:g2:a0:b_19\
	\Blinker:PWMUDB:MODULE_1:g2:a0:b_18\
	\Blinker:PWMUDB:MODULE_1:g2:a0:b_17\
	\Blinker:PWMUDB:MODULE_1:g2:a0:b_16\
	\Blinker:PWMUDB:MODULE_1:g2:a0:b_15\
	\Blinker:PWMUDB:MODULE_1:g2:a0:b_14\
	\Blinker:PWMUDB:MODULE_1:g2:a0:b_13\
	\Blinker:PWMUDB:MODULE_1:g2:a0:b_12\
	\Blinker:PWMUDB:MODULE_1:g2:a0:b_11\
	\Blinker:PWMUDB:MODULE_1:g2:a0:b_10\
	\Blinker:PWMUDB:MODULE_1:g2:a0:b_9\
	\Blinker:PWMUDB:MODULE_1:g2:a0:b_8\
	\Blinker:PWMUDB:MODULE_1:g2:a0:b_7\
	\Blinker:PWMUDB:MODULE_1:g2:a0:b_6\
	\Blinker:PWMUDB:MODULE_1:g2:a0:b_5\
	\Blinker:PWMUDB:MODULE_1:g2:a0:b_4\
	\Blinker:PWMUDB:MODULE_1:g2:a0:b_3\
	\Blinker:PWMUDB:MODULE_1:g2:a0:b_2\
	\Blinker:PWMUDB:MODULE_1:g2:a0:b_1\
	\Blinker:PWMUDB:MODULE_1:g2:a0:b_0\
	\Blinker:PWMUDB:MODULE_1:g2:a0:s_31\
	\Blinker:PWMUDB:MODULE_1:g2:a0:s_30\
	\Blinker:PWMUDB:MODULE_1:g2:a0:s_29\
	\Blinker:PWMUDB:MODULE_1:g2:a0:s_28\
	\Blinker:PWMUDB:MODULE_1:g2:a0:s_27\
	\Blinker:PWMUDB:MODULE_1:g2:a0:s_26\
	\Blinker:PWMUDB:MODULE_1:g2:a0:s_25\
	\Blinker:PWMUDB:MODULE_1:g2:a0:s_24\
	\Blinker:PWMUDB:MODULE_1:g2:a0:s_23\
	\Blinker:PWMUDB:MODULE_1:g2:a0:s_22\
	\Blinker:PWMUDB:MODULE_1:g2:a0:s_21\
	\Blinker:PWMUDB:MODULE_1:g2:a0:s_20\
	\Blinker:PWMUDB:MODULE_1:g2:a0:s_19\
	\Blinker:PWMUDB:MODULE_1:g2:a0:s_18\
	\Blinker:PWMUDB:MODULE_1:g2:a0:s_17\
	\Blinker:PWMUDB:MODULE_1:g2:a0:s_16\
	\Blinker:PWMUDB:MODULE_1:g2:a0:s_15\
	\Blinker:PWMUDB:MODULE_1:g2:a0:s_14\
	\Blinker:PWMUDB:MODULE_1:g2:a0:s_13\
	\Blinker:PWMUDB:MODULE_1:g2:a0:s_12\
	\Blinker:PWMUDB:MODULE_1:g2:a0:s_11\
	\Blinker:PWMUDB:MODULE_1:g2:a0:s_10\
	\Blinker:PWMUDB:MODULE_1:g2:a0:s_9\
	\Blinker:PWMUDB:MODULE_1:g2:a0:s_8\
	\Blinker:PWMUDB:MODULE_1:g2:a0:s_7\
	\Blinker:PWMUDB:MODULE_1:g2:a0:s_6\
	\Blinker:PWMUDB:MODULE_1:g2:a0:s_5\
	\Blinker:PWMUDB:MODULE_1:g2:a0:s_4\
	\Blinker:PWMUDB:MODULE_1:g2:a0:s_3\
	\Blinker:PWMUDB:MODULE_1:g2:a0:s_2\
	\Blinker:PWMUDB:MODULE_1:g2:a0:g1:z1:s0:g1:u0:c_31\
	\Blinker:PWMUDB:MODULE_1:g2:a0:g1:z1:s0:g1:u0:c_30\
	\Blinker:PWMUDB:MODULE_1:g2:a0:g1:z1:s0:g1:u0:c_29\
	\Blinker:PWMUDB:MODULE_1:g2:a0:g1:z1:s0:g1:u0:c_28\
	\Blinker:PWMUDB:MODULE_1:g2:a0:g1:z1:s0:g1:u0:c_27\
	\Blinker:PWMUDB:MODULE_1:g2:a0:g1:z1:s0:g1:u0:c_26\
	\Blinker:PWMUDB:MODULE_1:g2:a0:g1:z1:s0:g1:u0:c_25\
	\Blinker:Net_139\
	\Blinker:Net_138\
	\Blinker:Net_183\
	\Blinker:Net_181\

    Synthesized names
	\Blinker:PWMUDB:add_vi_vv_MODGEN_1_31\
	\Blinker:PWMUDB:add_vi_vv_MODGEN_1_30\
	\Blinker:PWMUDB:add_vi_vv_MODGEN_1_29\
	\Blinker:PWMUDB:add_vi_vv_MODGEN_1_28\
	\Blinker:PWMUDB:add_vi_vv_MODGEN_1_27\
	\Blinker:PWMUDB:add_vi_vv_MODGEN_1_26\
	\Blinker:PWMUDB:add_vi_vv_MODGEN_1_25\
	\Blinker:PWMUDB:add_vi_vv_MODGEN_1_24\
	\Blinker:PWMUDB:add_vi_vv_MODGEN_1_23\
	\Blinker:PWMUDB:add_vi_vv_MODGEN_1_22\
	\Blinker:PWMUDB:add_vi_vv_MODGEN_1_21\
	\Blinker:PWMUDB:add_vi_vv_MODGEN_1_20\
	\Blinker:PWMUDB:add_vi_vv_MODGEN_1_19\
	\Blinker:PWMUDB:add_vi_vv_MODGEN_1_18\
	\Blinker:PWMUDB:add_vi_vv_MODGEN_1_17\
	\Blinker:PWMUDB:add_vi_vv_MODGEN_1_16\
	\Blinker:PWMUDB:add_vi_vv_MODGEN_1_15\
	\Blinker:PWMUDB:add_vi_vv_MODGEN_1_14\
	\Blinker:PWMUDB:add_vi_vv_MODGEN_1_13\
	\Blinker:PWMUDB:add_vi_vv_MODGEN_1_12\
	\Blinker:PWMUDB:add_vi_vv_MODGEN_1_11\
	\Blinker:PWMUDB:add_vi_vv_MODGEN_1_10\
	\Blinker:PWMUDB:add_vi_vv_MODGEN_1_9\
	\Blinker:PWMUDB:add_vi_vv_MODGEN_1_8\
	\Blinker:PWMUDB:add_vi_vv_MODGEN_1_7\
	\Blinker:PWMUDB:add_vi_vv_MODGEN_1_6\
	\Blinker:PWMUDB:add_vi_vv_MODGEN_1_5\
	\Blinker:PWMUDB:add_vi_vv_MODGEN_1_4\
	\Blinker:PWMUDB:add_vi_vv_MODGEN_1_3\
	\Blinker:PWMUDB:add_vi_vv_MODGEN_1_2\

Deleted 134 User equations/components.
Deleted 30 Synthesized equations/components.

------------------------------------------------------
Alias Detection
------------------------------------------------------
Aliasing one to tmpOE__Pin_LED_R_net_0
Aliasing tmpOE__Pin_LED_G_net_0 to tmpOE__Pin_LED_R_net_0
Aliasing tmpOE__Pin_LED_B_net_0 to tmpOE__Pin_LED_R_net_0
Aliasing tmpOE__Pin_LED_Ext_net_0 to tmpOE__Pin_LED_R_net_0
Aliasing tmpOE__Pin_Beep_net_0 to tmpOE__Pin_LED_R_net_0
Aliasing tmpOE__Pin_Ain_net_0 to tmpOE__Pin_LED_R_net_0
Aliasing \ADC_SAR_Seq_1:Net_3107\ to zero
Aliasing \ADC_SAR_Seq_1:Net_3106\ to zero
Aliasing \ADC_SAR_Seq_1:Net_3105\ to zero
Aliasing \ADC_SAR_Seq_1:Net_3104\ to zero
Aliasing \ADC_SAR_Seq_1:Net_3103\ to zero
Aliasing \ADC_SAR_Seq_1:Net_3207_1\ to zero
Aliasing \ADC_SAR_Seq_1:Net_3207_0\ to zero
Aliasing \ADC_SAR_Seq_1:Net_3235\ to zero
Aliasing \Blinker:Net_180\ to zero
Aliasing \Blinker:PWMUDB:hwCapture\ to zero
Aliasing \Blinker:Net_178\ to zero
Aliasing \Blinker:PWMUDB:trig_out\ to tmpOE__Pin_LED_R_net_0
Aliasing \Blinker:PWMUDB:runmode_enable\\S\ to zero
Aliasing \Blinker:Net_179\ to tmpOE__Pin_LED_R_net_0
Aliasing \Blinker:PWMUDB:ltch_kill_reg\\R\ to \Blinker:PWMUDB:runmode_enable\\R\
Aliasing \Blinker:PWMUDB:ltch_kill_reg\\S\ to zero
Aliasing \Blinker:PWMUDB:km_tc\ to zero
Aliasing \Blinker:PWMUDB:min_kill_reg\\R\ to \Blinker:PWMUDB:runmode_enable\\R\
Aliasing \Blinker:PWMUDB:min_kill_reg\\S\ to zero
Aliasing \Blinker:PWMUDB:final_kill\ to tmpOE__Pin_LED_R_net_0
Aliasing \Blinker:PWMUDB:dith_count_1\\R\ to \Blinker:PWMUDB:runmode_enable\\R\
Aliasing \Blinker:PWMUDB:dith_count_1\\S\ to zero
Aliasing \Blinker:PWMUDB:dith_count_0\\R\ to \Blinker:PWMUDB:runmode_enable\\R\
Aliasing \Blinker:PWMUDB:dith_count_0\\S\ to zero
Aliasing \Blinker:PWMUDB:status_6\ to zero
Aliasing \Blinker:PWMUDB:status_4\ to zero
Aliasing \Blinker:PWMUDB:cmp1_status_reg\\R\ to \Blinker:PWMUDB:runmode_enable\\R\
Aliasing \Blinker:PWMUDB:cmp1_status_reg\\S\ to zero
Aliasing \Blinker:PWMUDB:cmp2_status_reg\\R\ to \Blinker:PWMUDB:runmode_enable\\R\
Aliasing \Blinker:PWMUDB:cmp2_status_reg\\S\ to zero
Aliasing \Blinker:PWMUDB:final_kill_reg\\R\ to \Blinker:PWMUDB:runmode_enable\\R\
Aliasing \Blinker:PWMUDB:final_kill_reg\\S\ to zero
Aliasing \Blinker:PWMUDB:cs_addr_0\ to \Blinker:PWMUDB:runmode_enable\\R\
Aliasing \Blinker:PWMUDB:pwm_temp\ to zero
Aliasing \Blinker:PWMUDB:MODULE_1:g2:a0:a_23\ to zero
Aliasing \Blinker:PWMUDB:MODULE_1:g2:a0:a_22\ to zero
Aliasing \Blinker:PWMUDB:MODULE_1:g2:a0:a_21\ to zero
Aliasing \Blinker:PWMUDB:MODULE_1:g2:a0:a_20\ to zero
Aliasing \Blinker:PWMUDB:MODULE_1:g2:a0:a_19\ to zero
Aliasing \Blinker:PWMUDB:MODULE_1:g2:a0:a_18\ to zero
Aliasing \Blinker:PWMUDB:MODULE_1:g2:a0:a_17\ to zero
Aliasing \Blinker:PWMUDB:MODULE_1:g2:a0:a_16\ to zero
Aliasing \Blinker:PWMUDB:MODULE_1:g2:a0:a_15\ to zero
Aliasing \Blinker:PWMUDB:MODULE_1:g2:a0:a_14\ to zero
Aliasing \Blinker:PWMUDB:MODULE_1:g2:a0:a_13\ to zero
Aliasing \Blinker:PWMUDB:MODULE_1:g2:a0:a_12\ to zero
Aliasing \Blinker:PWMUDB:MODULE_1:g2:a0:a_11\ to zero
Aliasing \Blinker:PWMUDB:MODULE_1:g2:a0:a_10\ to zero
Aliasing \Blinker:PWMUDB:MODULE_1:g2:a0:a_9\ to zero
Aliasing \Blinker:PWMUDB:MODULE_1:g2:a0:a_8\ to zero
Aliasing \Blinker:PWMUDB:MODULE_1:g2:a0:a_7\ to zero
Aliasing \Blinker:PWMUDB:MODULE_1:g2:a0:a_6\ to zero
Aliasing \Blinker:PWMUDB:MODULE_1:g2:a0:a_5\ to zero
Aliasing \Blinker:PWMUDB:MODULE_1:g2:a0:a_4\ to zero
Aliasing \Blinker:PWMUDB:MODULE_1:g2:a0:a_3\ to zero
Aliasing \Blinker:PWMUDB:MODULE_1:g2:a0:a_2\ to zero
Aliasing \Blinker:PWMUDB:MODULE_1:g2:a0:g1:z1:s0:g1:u0:b_0\ to tmpOE__Pin_LED_R_net_0
Aliasing Net_143 to zero
Aliasing tmpOE__Pin_Button_net_0 to tmpOE__Pin_LED_R_net_0
Aliasing tmpOE__Pin_Beep_Enable_net_0 to tmpOE__Pin_LED_R_net_0
Aliasing \Blinker:PWMUDB:tc_i_reg\\D\ to \Blinker:PWMUDB:status_2\
Removing Lhs of wire one[6] = tmpOE__Pin_LED_R_net_0[1]
Removing Lhs of wire tmpOE__Pin_LED_G_net_0[9] = tmpOE__Pin_LED_R_net_0[1]
Removing Lhs of wire tmpOE__Pin_LED_B_net_0[15] = tmpOE__Pin_LED_R_net_0[1]
Removing Lhs of wire tmpOE__Pin_LED_Ext_net_0[29] = tmpOE__Pin_LED_R_net_0[1]
Removing Rhs of wire Net_119[30] = \Blinker:PWMUDB:pwm1_i_reg\[428]
Removing Lhs of wire tmpOE__Pin_Beep_net_0[36] = tmpOE__Pin_LED_R_net_0[1]
Removing Lhs of wire tmpOE__Pin_Ain_net_0[43] = tmpOE__Pin_LED_R_net_0[1]
Removing Lhs of wire \ADC_SAR_Seq_1:Net_3107\[120] = zero[2]
Removing Lhs of wire \ADC_SAR_Seq_1:Net_3106\[121] = zero[2]
Removing Lhs of wire \ADC_SAR_Seq_1:Net_3105\[122] = zero[2]
Removing Lhs of wire \ADC_SAR_Seq_1:Net_3104\[123] = zero[2]
Removing Lhs of wire \ADC_SAR_Seq_1:Net_3103\[124] = zero[2]
Removing Lhs of wire \ADC_SAR_Seq_1:Net_17\[166] = \ADC_SAR_Seq_1:Net_1845\[51]
Removing Lhs of wire \ADC_SAR_Seq_1:Net_3207_1\[188] = zero[2]
Removing Lhs of wire \ADC_SAR_Seq_1:Net_3207_0\[189] = zero[2]
Removing Lhs of wire \ADC_SAR_Seq_1:Net_3235\[190] = zero[2]
Removing Lhs of wire \Blinker:Net_68\[260] = Net_117[636]
Removing Lhs of wire \Blinker:PWMUDB:ctrl_enable\[271] = \Blinker:PWMUDB:control_7\[263]
Removing Lhs of wire \Blinker:Net_180\[279] = zero[2]
Removing Lhs of wire \Blinker:PWMUDB:hwCapture\[282] = zero[2]
Removing Lhs of wire \Blinker:PWMUDB:hwEnable\[283] = \Blinker:PWMUDB:control_7\[263]
Removing Lhs of wire \Blinker:Net_178\[285] = zero[2]
Removing Lhs of wire \Blinker:PWMUDB:trig_out\[288] = tmpOE__Pin_LED_R_net_0[1]
Removing Lhs of wire \Blinker:PWMUDB:runmode_enable\\R\[290] = \Blinker:Net_186\[291]
Removing Lhs of wire \Blinker:Net_186\[291] = zero[2]
Removing Lhs of wire \Blinker:PWMUDB:runmode_enable\\S\[292] = zero[2]
Removing Lhs of wire \Blinker:PWMUDB:final_enable\[293] = \Blinker:PWMUDB:runmode_enable\[289]
Removing Lhs of wire \Blinker:Net_179\[296] = tmpOE__Pin_LED_R_net_0[1]
Removing Lhs of wire \Blinker:PWMUDB:ltch_kill_reg\\R\[298] = zero[2]
Removing Lhs of wire \Blinker:PWMUDB:ltch_kill_reg\\S\[299] = zero[2]
Removing Lhs of wire \Blinker:PWMUDB:km_tc\[300] = zero[2]
Removing Lhs of wire \Blinker:PWMUDB:min_kill_reg\\R\[301] = zero[2]
Removing Lhs of wire \Blinker:PWMUDB:min_kill_reg\\S\[302] = zero[2]
Removing Lhs of wire \Blinker:PWMUDB:final_kill\[305] = tmpOE__Pin_LED_R_net_0[1]
Removing Lhs of wire \Blinker:PWMUDB:add_vi_vv_MODGEN_1_1\[308] = \Blinker:PWMUDB:MODULE_1:g2:a0:s_1\[595]
Removing Lhs of wire \Blinker:PWMUDB:add_vi_vv_MODGEN_1_0\[310] = \Blinker:PWMUDB:MODULE_1:g2:a0:s_0\[596]
Removing Lhs of wire \Blinker:PWMUDB:dith_count_1\\R\[311] = zero[2]
Removing Lhs of wire \Blinker:PWMUDB:dith_count_1\\S\[312] = zero[2]
Removing Lhs of wire \Blinker:PWMUDB:dith_count_0\\R\[313] = zero[2]
Removing Lhs of wire \Blinker:PWMUDB:dith_count_0\\S\[314] = zero[2]
Removing Lhs of wire \Blinker:PWMUDB:status_6\[317] = zero[2]
Removing Rhs of wire \Blinker:PWMUDB:status_5\[318] = \Blinker:PWMUDB:final_kill_reg\[333]
Removing Lhs of wire \Blinker:PWMUDB:status_4\[319] = zero[2]
Removing Rhs of wire \Blinker:PWMUDB:status_3\[320] = \Blinker:PWMUDB:fifo_full\[340]
Removing Rhs of wire \Blinker:PWMUDB:status_1\[322] = \Blinker:PWMUDB:cmp2_status_reg\[332]
Removing Rhs of wire \Blinker:PWMUDB:status_0\[323] = \Blinker:PWMUDB:cmp1_status_reg\[331]
Removing Lhs of wire \Blinker:PWMUDB:cmp1_status_reg\\R\[334] = zero[2]
Removing Lhs of wire \Blinker:PWMUDB:cmp1_status_reg\\S\[335] = zero[2]
Removing Lhs of wire \Blinker:PWMUDB:cmp2_status_reg\\R\[336] = zero[2]
Removing Lhs of wire \Blinker:PWMUDB:cmp2_status_reg\\S\[337] = zero[2]
Removing Lhs of wire \Blinker:PWMUDB:final_kill_reg\\R\[338] = zero[2]
Removing Lhs of wire \Blinker:PWMUDB:final_kill_reg\\S\[339] = zero[2]
Removing Lhs of wire \Blinker:PWMUDB:cs_addr_2\[341] = \Blinker:PWMUDB:tc_i\[295]
Removing Lhs of wire \Blinker:PWMUDB:cs_addr_1\[342] = \Blinker:PWMUDB:runmode_enable\[289]
Removing Lhs of wire \Blinker:PWMUDB:cs_addr_0\[343] = zero[2]
Removing Lhs of wire \Blinker:PWMUDB:compare1\[424] = \Blinker:PWMUDB:cmp1_less\[395]
Removing Lhs of wire \Blinker:PWMUDB:compare2\[425] = \Blinker:PWMUDB:cmp2_less\[398]
Removing Rhs of wire Net_141[435] = \Blinker:PWMUDB:pwm2_i_reg\[430]
Removing Lhs of wire \Blinker:PWMUDB:pwm_temp\[436] = zero[2]
Removing Lhs of wire \Blinker:PWMUDB:MODULE_1:g2:a0:a_23\[477] = zero[2]
Removing Lhs of wire \Blinker:PWMUDB:MODULE_1:g2:a0:a_22\[478] = zero[2]
Removing Lhs of wire \Blinker:PWMUDB:MODULE_1:g2:a0:a_21\[479] = zero[2]
Removing Lhs of wire \Blinker:PWMUDB:MODULE_1:g2:a0:a_20\[480] = zero[2]
Removing Lhs of wire \Blinker:PWMUDB:MODULE_1:g2:a0:a_19\[481] = zero[2]
Removing Lhs of wire \Blinker:PWMUDB:MODULE_1:g2:a0:a_18\[482] = zero[2]
Removing Lhs of wire \Blinker:PWMUDB:MODULE_1:g2:a0:a_17\[483] = zero[2]
Removing Lhs of wire \Blinker:PWMUDB:MODULE_1:g2:a0:a_16\[484] = zero[2]
Removing Lhs of wire \Blinker:PWMUDB:MODULE_1:g2:a0:a_15\[485] = zero[2]
Removing Lhs of wire \Blinker:PWMUDB:MODULE_1:g2:a0:a_14\[486] = zero[2]
Removing Lhs of wire \Blinker:PWMUDB:MODULE_1:g2:a0:a_13\[487] = zero[2]
Removing Lhs of wire \Blinker:PWMUDB:MODULE_1:g2:a0:a_12\[488] = zero[2]
Removing Lhs of wire \Blinker:PWMUDB:MODULE_1:g2:a0:a_11\[489] = zero[2]
Removing Lhs of wire \Blinker:PWMUDB:MODULE_1:g2:a0:a_10\[490] = zero[2]
Removing Lhs of wire \Blinker:PWMUDB:MODULE_1:g2:a0:a_9\[491] = zero[2]
Removing Lhs of wire \Blinker:PWMUDB:MODULE_1:g2:a0:a_8\[492] = zero[2]
Removing Lhs of wire \Blinker:PWMUDB:MODULE_1:g2:a0:a_7\[493] = zero[2]
Removing Lhs of wire \Blinker:PWMUDB:MODULE_1:g2:a0:a_6\[494] = zero[2]
Removing Lhs of wire \Blinker:PWMUDB:MODULE_1:g2:a0:a_5\[495] = zero[2]
Removing Lhs of wire \Blinker:PWMUDB:MODULE_1:g2:a0:a_4\[496] = zero[2]
Removing Lhs of wire \Blinker:PWMUDB:MODULE_1:g2:a0:a_3\[497] = zero[2]
Removing Lhs of wire \Blinker:PWMUDB:MODULE_1:g2:a0:a_2\[498] = zero[2]
Removing Lhs of wire \Blinker:PWMUDB:MODULE_1:g2:a0:a_1\[499] = \Blinker:PWMUDB:MODIN1_1\[500]
Removing Lhs of wire \Blinker:PWMUDB:MODIN1_1\[500] = \Blinker:PWMUDB:dith_count_1\[307]
Removing Lhs of wire \Blinker:PWMUDB:MODULE_1:g2:a0:a_0\[501] = \Blinker:PWMUDB:MODIN1_0\[502]
Removing Lhs of wire \Blinker:PWMUDB:MODIN1_0\[502] = \Blinker:PWMUDB:dith_count_0\[309]
Removing Lhs of wire \Blinker:PWMUDB:MODULE_1:g2:a0:g1:z1:s0:g1:u0:c_0\[634] = tmpOE__Pin_LED_R_net_0[1]
Removing Lhs of wire \Blinker:PWMUDB:MODULE_1:g2:a0:g1:z1:s0:g1:u0:b_0\[635] = tmpOE__Pin_LED_R_net_0[1]
Removing Lhs of wire Net_143[642] = zero[2]
Removing Lhs of wire tmpOE__Pin_Button_net_0[644] = tmpOE__Pin_LED_R_net_0[1]
Removing Lhs of wire tmpOE__Pin_Beep_Enable_net_0[652] = tmpOE__Pin_LED_R_net_0[1]
Removing Lhs of wire \Blinker:PWMUDB:prevCapture\\D\[657] = zero[2]
Removing Lhs of wire \Blinker:PWMUDB:trig_last\\D\[658] = zero[2]
Removing Lhs of wire \Blinker:PWMUDB:prevCompare1\\D\[664] = \Blinker:PWMUDB:cmp1\[326]
Removing Lhs of wire \Blinker:PWMUDB:prevCompare2\\D\[665] = \Blinker:PWMUDB:cmp2\[329]
Removing Lhs of wire \Blinker:PWMUDB:cmp1_status_reg\\D\[666] = \Blinker:PWMUDB:cmp1_status\[327]
Removing Lhs of wire \Blinker:PWMUDB:cmp2_status_reg\\D\[667] = \Blinker:PWMUDB:cmp2_status\[330]
Removing Lhs of wire \Blinker:PWMUDB:pwm_i_reg\\D\[669] = \Blinker:PWMUDB:pwm_i\[427]
Removing Lhs of wire \Blinker:PWMUDB:pwm1_i_reg\\D\[670] = \Blinker:PWMUDB:pwm1_i\[429]
Removing Lhs of wire \Blinker:PWMUDB:pwm2_i_reg\\D\[671] = \Blinker:PWMUDB:pwm2_i\[431]
Removing Lhs of wire \Blinker:PWMUDB:tc_i_reg\\D\[672] = \Blinker:PWMUDB:status_2\[321]

------------------------------------------------------
Aliased 0 equations, 100 wires.
------------------------------------------------------

----------------------------------------------------------
Circuit simplification
----------------------------------------------------------

Substituting virtuals - pass 1:

Note:  Expanding virtual equation for 'tmpOE__Pin_LED_R_net_0' (cost = 0):
tmpOE__Pin_LED_R_net_0 <=  ('1') ;

Note:  Expanding virtual equation for 'zero' (cost = 0):
zero <=  ('0') ;

Note:  Expanding virtual equation for '\Blinker:PWMUDB:cmp1\' (cost = 0):
\Blinker:PWMUDB:cmp1\ <= (\Blinker:PWMUDB:cmp1_less\);

Note:  Expanding virtual equation for '\Blinker:PWMUDB:cmp2\' (cost = 0):
\Blinker:PWMUDB:cmp2\ <= (\Blinker:PWMUDB:cmp2_less\);

Note:  Expanding virtual equation for '\Blinker:PWMUDB:MODULE_1:g2:a0:g1:z1:s0:g1:u0:c_1\' (cost = 0):
\Blinker:PWMUDB:MODULE_1:g2:a0:g1:z1:s0:g1:u0:c_1\ <= (\Blinker:PWMUDB:dith_count_0\);

Note:  Expanding virtual equation for '\Blinker:PWMUDB:MODULE_1:g2:a0:s_0\' (cost = 0):
\Blinker:PWMUDB:MODULE_1:g2:a0:s_0\ <= (not \Blinker:PWMUDB:dith_count_0\);

Note:  Expanding virtual equation for '\Blinker:PWMUDB:MODULE_1:g2:a0:g1:z1:s0:g1:u0:c_17\' (cost = 0):
\Blinker:PWMUDB:MODULE_1:g2:a0:g1:z1:s0:g1:u0:c_17\ <=  ('0') ;

Note:  Expanding virtual equation for '\Blinker:PWMUDB:MODULE_1:g2:a0:g1:z1:s0:g1:u0:c_9\' (cost = 0):
\Blinker:PWMUDB:MODULE_1:g2:a0:g1:z1:s0:g1:u0:c_9\ <=  ('0') ;

Note:  Expanding virtual equation for '\Blinker:PWMUDB:MODULE_1:g2:a0:g1:z1:s0:g1:u0:c_2\' (cost = 0):
\Blinker:PWMUDB:MODULE_1:g2:a0:g1:z1:s0:g1:u0:c_2\ <= ((\Blinker:PWMUDB:dith_count_1\ and \Blinker:PWMUDB:dith_count_0\));


Substituting virtuals - pass 2:

Note:  Expanding virtual equation for '\Blinker:PWMUDB:MODULE_1:g2:a0:s_1\' (cost = 2):
\Blinker:PWMUDB:MODULE_1:g2:a0:s_1\ <= ((not \Blinker:PWMUDB:dith_count_0\ and \Blinker:PWMUDB:dith_count_1\)
	OR (not \Blinker:PWMUDB:dith_count_1\ and \Blinker:PWMUDB:dith_count_0\));

Note:  Expanding virtual equation for '\Blinker:PWMUDB:MODULE_1:g2:a0:g1:z1:s0:g1:u0:c_18\' (cost = 0):
\Blinker:PWMUDB:MODULE_1:g2:a0:g1:z1:s0:g1:u0:c_18\ <=  ('0') ;

Note:  Expanding virtual equation for '\Blinker:PWMUDB:MODULE_1:g2:a0:g1:z1:s0:g1:u0:c_10\' (cost = 0):
\Blinker:PWMUDB:MODULE_1:g2:a0:g1:z1:s0:g1:u0:c_10\ <=  ('0') ;

Note:  Expanding virtual equation for '\Blinker:PWMUDB:MODULE_1:g2:a0:g1:z1:s0:g1:u0:c_3\' (cost = 0):
\Blinker:PWMUDB:MODULE_1:g2:a0:g1:z1:s0:g1:u0:c_3\ <=  ('0') ;


Substituting virtuals - pass 3:

Note:  Expanding virtual equation for '\Blinker:PWMUDB:MODULE_1:g2:a0:g1:z1:s0:g1:u0:c_19\' (cost = 0):
\Blinker:PWMUDB:MODULE_1:g2:a0:g1:z1:s0:g1:u0:c_19\ <=  ('0') ;

Note:  Expanding virtual equation for '\Blinker:PWMUDB:MODULE_1:g2:a0:g1:z1:s0:g1:u0:c_11\' (cost = 0):
\Blinker:PWMUDB:MODULE_1:g2:a0:g1:z1:s0:g1:u0:c_11\ <=  ('0') ;

Note:  Expanding virtual equation for '\Blinker:PWMUDB:MODULE_1:g2:a0:g1:z1:s0:g1:u0:c_4\' (cost = 0):
\Blinker:PWMUDB:MODULE_1:g2:a0:g1:z1:s0:g1:u0:c_4\ <=  ('0') ;


Substituting virtuals - pass 4:

Note:  Expanding virtual equation for '\Blinker:PWMUDB:MODULE_1:g2:a0:g1:z1:s0:g1:u0:c_20\' (cost = 0):
\Blinker:PWMUDB:MODULE_1:g2:a0:g1:z1:s0:g1:u0:c_20\ <=  ('0') ;

Note:  Expanding virtual equation for '\Blinker:PWMUDB:MODULE_1:g2:a0:g1:z1:s0:g1:u0:c_12\' (cost = 0):
\Blinker:PWMUDB:MODULE_1:g2:a0:g1:z1:s0:g1:u0:c_12\ <=  ('0') ;

Note:  Expanding virtual equation for '\Blinker:PWMUDB:MODULE_1:g2:a0:g1:z1:s0:g1:u0:c_5\' (cost = 0):
\Blinker:PWMUDB:MODULE_1:g2:a0:g1:z1:s0:g1:u0:c_5\ <=  ('0') ;


Substituting virtuals - pass 5:

Note:  Expanding virtual equation for '\Blinker:PWMUDB:MODULE_1:g2:a0:g1:z1:s0:g1:u0:c_21\' (cost = 0):
\Blinker:PWMUDB:MODULE_1:g2:a0:g1:z1:s0:g1:u0:c_21\ <=  ('0') ;

Note:  Expanding virtual equation for '\Blinker:PWMUDB:MODULE_1:g2:a0:g1:z1:s0:g1:u0:c_13\' (cost = 0):
\Blinker:PWMUDB:MODULE_1:g2:a0:g1:z1:s0:g1:u0:c_13\ <=  ('0') ;

Note:  Expanding virtual equation for '\Blinker:PWMUDB:MODULE_1:g2:a0:g1:z1:s0:g1:u0:c_6\' (cost = 0):
\Blinker:PWMUDB:MODULE_1:g2:a0:g1:z1:s0:g1:u0:c_6\ <=  ('0') ;


Substituting virtuals - pass 6:

Note:  Expanding virtual equation for '\Blinker:PWMUDB:MODULE_1:g2:a0:g1:z1:s0:g1:u0:c_22\' (cost = 0):
\Blinker:PWMUDB:MODULE_1:g2:a0:g1:z1:s0:g1:u0:c_22\ <=  ('0') ;

Note:  Expanding virtual equation for '\Blinker:PWMUDB:MODULE_1:g2:a0:g1:z1:s0:g1:u0:c_14\' (cost = 0):
\Blinker:PWMUDB:MODULE_1:g2:a0:g1:z1:s0:g1:u0:c_14\ <=  ('0') ;

Note:  Expanding virtual equation for '\Blinker:PWMUDB:MODULE_1:g2:a0:g1:z1:s0:g1:u0:c_7\' (cost = 0):
\Blinker:PWMUDB:MODULE_1:g2:a0:g1:z1:s0:g1:u0:c_7\ <=  ('0') ;


Substituting virtuals - pass 7:

Note:  Expanding virtual equation for '\Blinker:PWMUDB:MODULE_1:g2:a0:g1:z1:s0:g1:u0:c_23\' (cost = 0):
\Blinker:PWMUDB:MODULE_1:g2:a0:g1:z1:s0:g1:u0:c_23\ <=  ('0') ;

Note:  Expanding virtual equation for '\Blinker:PWMUDB:MODULE_1:g2:a0:g1:z1:s0:g1:u0:c_15\' (cost = 0):
\Blinker:PWMUDB:MODULE_1:g2:a0:g1:z1:s0:g1:u0:c_15\ <=  ('0') ;


Substituting virtuals - pass 8:


----------------------------------------------------------
Circuit simplification results:

	Expanded 27 signals.
	Turned 0 signals into soft nodes.
	Maximum default expansion cost was set at 3.
----------------------------------------------------------

------------------------------------------------------
Alias Detection
------------------------------------------------------
Aliasing \Blinker:PWMUDB:final_capture\ to zero
Aliasing \Blinker:PWMUDB:pwm_i\ to zero
Aliasing \Blinker:PWMUDB:MODULE_1:g2:a0:g1:z1:s0:g1:u0:b_24\ to zero
Aliasing \Blinker:PWMUDB:MODULE_1:g2:a0:g1:z1:s0:g1:u0:b_16\ to zero
Aliasing \Blinker:PWMUDB:MODULE_1:g2:a0:g1:z1:s0:g1:u0:b_8\ to zero
Aliasing \Blinker:PWMUDB:min_kill_reg\\D\ to tmpOE__Pin_LED_R_net_0
Aliasing \Blinker:PWMUDB:ltch_kill_reg\\D\ to tmpOE__Pin_LED_R_net_0
Aliasing \Blinker:PWMUDB:final_kill_reg\\D\ to zero
Removing Lhs of wire \Blinker:PWMUDB:final_capture\[345] = zero[2]
Removing Lhs of wire \Blinker:PWMUDB:pwm_i\[427] = zero[2]
Removing Lhs of wire \Blinker:PWMUDB:MODULE_1:g2:a0:g1:z1:s0:g1:u0:b_24\[605] = zero[2]
Removing Lhs of wire \Blinker:PWMUDB:MODULE_1:g2:a0:g1:z1:s0:g1:u0:b_16\[615] = zero[2]
Removing Lhs of wire \Blinker:PWMUDB:MODULE_1:g2:a0:g1:z1:s0:g1:u0:b_8\[625] = zero[2]
Removing Lhs of wire \Blinker:PWMUDB:min_kill_reg\\D\[656] = tmpOE__Pin_LED_R_net_0[1]
Removing Lhs of wire \Blinker:PWMUDB:runmode_enable\\D\[659] = \Blinker:PWMUDB:control_7\[263]
Removing Lhs of wire \Blinker:PWMUDB:ltch_kill_reg\\D\[661] = tmpOE__Pin_LED_R_net_0[1]
Removing Lhs of wire \Blinker:PWMUDB:final_kill_reg\\D\[668] = zero[2]

------------------------------------------------------
Aliased 0 equations, 9 wires.
------------------------------------------------------

----------------------------------------------------------
Circuit simplification
----------------------------------------------------------

Eliminating unused logic - pass 1:


Eliminating unused logic - pass 2:


Substituting virtuals - pass 1:


----------------------------------------------------------
Circuit simplification results:

	Expanded 0 signals.
	Turned 0 signals into soft nodes.
	Maximum default expansion cost was set at 3.
----------------------------------------------------------

topld:  No errors.

CYPRESS_DIR    : E:\PSoC Creator\4.1\PSoC Creator\warp
Warp Program   : E:\PSoC Creator\4.1\PSoC Creator\warp\bin\warp.exe
Warp Arguments : -yv2 -q10 -ygs -o2 -v3 -.fftcfgtype=LE -ya -.fftprj=E:\GitHub\SmartBox\firmware\SmartBox\SmartBox.cydsn\SmartBox.cyprj -dcpsoc3 SmartBox.v -verilog
</CYPRESSTAG>
Warp synthesis phase: Elapsed time ==> 1s.639ms
<CYPRESSTAG name="Fitter results...">
<CYPRESSTAG name="Fitter startup details...">
cyp3fit: V4.1.0.2686, Family: PSoC3, Started at: Tuesday, 27 June 2017 10:39:19
Options: -yv2 -q10 -ygs -o2 -v3 -.fftcfgtype=LE -ya -.fftprj=E:\GitHub\SmartBox\firmware\SmartBox\SmartBox.cydsn\SmartBox.cyprj -d CY8C4247LQI-BL483 SmartBox.v -verilog
</CYPRESSTAG>
<CYPRESSTAG name="Design parsing">
Design parsing phase: Elapsed time ==> 0s.180ms
</CYPRESSTAG>
<CYPRESSTAG name="Tech Mapping">
<CYPRESSTAG name="Initial Mapping" icon="FILE_RPT_TECHM">
    Removed wire end \Blinker:PWMUDB:MODULE_1:g2:a0:g1:z1:s0:g1:u0:c_24\ kept zero
    Removed wire end \Blinker:PWMUDB:MODULE_1:g2:a0:g1:z1:s0:g1:u0:c_16\ kept zero
    Removed wire end \Blinker:PWMUDB:MODULE_1:g2:a0:g1:z1:s0:g1:u0:c_8\ kept zero
    Converted constant MacroCell: \Blinker:PWMUDB:prevCapture\ from registered to combinatorial
    Converted constant MacroCell: \Blinker:PWMUDB:trig_last\ from registered to combinatorial
    Converted constant MacroCell: \Blinker:PWMUDB:status_5\ from registered to combinatorial
    Converted constant MacroCell: \Blinker:PWMUDB:pwm_i_reg\ from registered to combinatorial
Assigning clock BLE_1_LFCLK to clock LFCLK because it is a pass-through

Removing unused cells resulting from optimization
Done removing unused cells.
<CYPRESSTAG name="Global Clock Selection" icon="FILE_RPT_TECHM">
    Fixed Function Clock 6: Automatic-assigning  clock 'ADC_SAR_Seq_1_intClock'. Signal=\ADC_SAR_Seq_1:Net_1845_ff6\
    Digital Clock 0: Automatic-assigning  clock 'Clock_1'. Fanout=1, Signal=Net_117_digital
<CYPRESSTAG name="UDB Clock/Enable Remapping Results">
    UDB Clk/Enable \Blinker:PWMUDB:clock_enable_block\: with output requested to be synchronous
        ClockIn: ClockGenBlock:m0s8clockgenblockcell.gen_clk_out_0 was determined to be a global clock that is synchronous to HFCLK
        EnableIn: Constant 1 was determined to be synchronous to ClockIn
        ClockOut: ClockGenBlock:m0s8clockgenblockcell.gen_clk_out_0, EnableOut: Constant 1
</CYPRESSTAG>
</CYPRESSTAG>

Removing unused cells resulting from optimization
Done removing unused cells.

Removing unused cells resulting from optimization
Done removing unused cells.
<CYPRESSTAG name="Duplicate Macrocell detection">
</CYPRESSTAG>
</CYPRESSTAG>
<CYPRESSTAG name="Duplicate Macrocell detection">

Removing unused cells resulting from optimization
Done removing unused cells.
</CYPRESSTAG>
<CYPRESSTAG name="Design Equations" icon="FILE_RPT_EQUATION">

------------------------------------------------------------
Design Equations
------------------------------------------------------------
    <CYPRESSTAG name="Pin listing">

    ------------------------------------------------------------
    Pin listing
    ------------------------------------------------------------

    Pin : Name = Pin_LED_R(0)
        Attributes:
            In Group/Port: True
            In Sync Option: AUTO
            Out Sync Option: NOSYNC
            Interrupt generated: False
            Interrupt mode: NONE
            Drive mode: CMOS_OUT
            VTrip: EITHER
            Slew: FAST
            Input Sync needed: False
            Output Sync needed: False
            SC shield enabled: False
            POR State: ANY
            LCD Mode: COMMON
            Register Mode: RegComb
            CaSense Mode: NEITHER
            Treat as pin: True
            Is OE Registered: False
            Uses Analog: False
            Can contain Digital: True
            Is SIO: False
            SIO Output Buf: NONREGULATED
            SIO Input Buf: SINGLE_ENDED
            SIO HiFreq: LOW
            SIO Hyst: DISABLED
            SIO Vtrip: MULTIPLIER_0_5
            SIO Multiplier Index: 0
            SIO RefSel: VCC_IO
            Required Capabilities: DIGITAL
            Initial Value: 1
            IO Voltage: 0
        PORT MAP (
            pa_out => Pin_LED_R(0)__PA ,
            pad => Pin_LED_R(0)_PAD );
        Properties:
        {
        }

    Pin : Name = Pin_LED_G(0)
        Attributes:
            In Group/Port: True
            In Sync Option: AUTO
            Out Sync Option: NOSYNC
            Interrupt generated: False
            Interrupt mode: NONE
            Drive mode: CMOS_OUT
            VTrip: EITHER
            Slew: FAST
            Input Sync needed: False
            Output Sync needed: False
            SC shield enabled: False
            POR State: ANY
            LCD Mode: COMMON
            Register Mode: RegComb
            CaSense Mode: NEITHER
            Treat as pin: True
            Is OE Registered: False
            Uses Analog: False
            Can contain Digital: True
            Is SIO: False
            SIO Output Buf: NONREGULATED
            SIO Input Buf: SINGLE_ENDED
            SIO HiFreq: LOW
            SIO Hyst: DISABLED
            SIO Vtrip: MULTIPLIER_0_5
            SIO Multiplier Index: 0
            SIO RefSel: VCC_IO
            Required Capabilities: DIGITAL
            Initial Value: 1
            IO Voltage: 0
        PORT MAP (
            pa_out => Pin_LED_G(0)__PA ,
            pad => Pin_LED_G(0)_PAD );
        Properties:
        {
        }

    Pin : Name = Pin_LED_B(0)
        Attributes:
            In Group/Port: True
            In Sync Option: AUTO
            Out Sync Option: NOSYNC
            Interrupt generated: False
            Interrupt mode: NONE
            Drive mode: CMOS_OUT
            VTrip: EITHER
            Slew: FAST
            Input Sync needed: False
            Output Sync needed: False
            SC shield enabled: False
            POR State: ANY
            LCD Mode: COMMON
            Register Mode: RegComb
            CaSense Mode: NEITHER
            Treat as pin: True
            Is OE Registered: False
            Uses Analog: False
            Can contain Digital: True
            Is SIO: False
            SIO Output Buf: NONREGULATED
            SIO Input Buf: SINGLE_ENDED
            SIO HiFreq: LOW
            SIO Hyst: DISABLED
            SIO Vtrip: MULTIPLIER_0_5
            SIO Multiplier Index: 0
            SIO RefSel: VCC_IO
            Required Capabilities: DIGITAL
            Initial Value: 1
            IO Voltage: 0
        PORT MAP (
            pa_out => Pin_LED_B(0)__PA ,
            pad => Pin_LED_B(0)_PAD );
        Properties:
        {
        }

    Pin : Name = Pin_LED_Ext(0)
        Attributes:
            In Group/Port: True
            In Sync Option: AUTO
            Out Sync Option: NOSYNC
            Interrupt generated: False
            Interrupt mode: NONE
            Drive mode: CMOS_OUT
            VTrip: EITHER
            Slew: FAST
            Input Sync needed: False
            Output Sync needed: False
            SC shield enabled: False
            POR State: ANY
            LCD Mode: COMMON
            Register Mode: RegComb
            CaSense Mode: NEITHER
            Treat as pin: True
            Is OE Registered: False
            Uses Analog: False
            Can contain Digital: True
            Is SIO: False
            SIO Output Buf: NONREGULATED
            SIO Input Buf: SINGLE_ENDED
            SIO HiFreq: LOW
            SIO Hyst: DISABLED
            SIO Vtrip: MULTIPLIER_0_5
            SIO Multiplier Index: 0
            SIO RefSel: VCC_IO
            Required Capabilities: DIGITAL, ROUTABLE
            Initial Value: 1
            IO Voltage: 0
        PORT MAP (
            pa_out => Pin_LED_Ext(0)__PA ,
            pin_input => Net_119 ,
            pad => Pin_LED_Ext(0)_PAD );
        Properties:
        {
        }

    Pin : Name = Pin_Beep(0)
        Attributes:
            In Group/Port: True
            In Sync Option: AUTO
            Out Sync Option: NOSYNC
            Interrupt generated: False
            Interrupt mode: NONE
            Drive mode: CMOS_OUT
            VTrip: EITHER
            Slew: FAST
            Input Sync needed: False
            Output Sync needed: False
            SC shield enabled: False
            POR State: ANY
            LCD Mode: COMMON
            Register Mode: RegComb
            CaSense Mode: NEITHER
            Treat as pin: True
            Is OE Registered: False
            Uses Analog: False
            Can contain Digital: True
            Is SIO: False
            SIO Output Buf: NONREGULATED
            SIO Input Buf: SINGLE_ENDED
            SIO HiFreq: LOW
            SIO Hyst: DISABLED
            SIO Vtrip: MULTIPLIER_0_5
            SIO Multiplier Index: 0
            SIO RefSel: VCC_IO
            Required Capabilities: DIGITAL, ROUTABLE
            Initial Value: 1
            IO Voltage: 0
        PORT MAP (
            pa_out => Pin_Beep(0)__PA ,
            pin_input => Net_142 ,
            pad => Pin_Beep(0)_PAD );
        Properties:
        {
        }

    Pin : Name = Pin_Ain(0)
        Attributes:
            In Group/Port: True
            In Sync Option: AUTO
            Out Sync Option: AUTO
            Interrupt generated: False
            Interrupt mode: NONE
            Drive mode: HI_Z_ANALOG
            VTrip: EITHER
            Slew: FAST
            Input Sync needed: False
            Output Sync needed: False
            SC shield enabled: False
            POR State: ANY
            LCD Mode: COMMON
            Register Mode: RegComb
            CaSense Mode: NEITHER
            Treat as pin: True
            Is OE Registered: False
            Uses Analog: True
            Can contain Digital: False
            Is SIO: False
            SIO Output Buf: NONREGULATED
            SIO Input Buf: SINGLE_ENDED
            SIO HiFreq: LOW
            SIO Hyst: DISABLED
            SIO Vtrip: MULTIPLIER_0_5
            SIO Multiplier Index: 0
            SIO RefSel: VCC_IO
            Required Capabilities: ANALOG
            Initial Value: 1
            IO Voltage: 0
        PORT MAP (
            pa_out => Pin_Ain(0)__PA ,
            analog_term => Net_75 ,
            pad => Pin_Ain(0)_PAD );
        Properties:
        {
        }

    Pin : Name = Pin_Button(0)
        Attributes:
            In Group/Port: True
            In Sync Option: NOSYNC
            Out Sync Option: AUTO
            Interrupt generated: False
            Interrupt mode: NONE
            Drive mode: RES_PULL_UP
            VTrip: CMOS
            Slew: FAST
            Input Sync needed: False
            Output Sync needed: False
            SC shield enabled: False
            POR State: ANY
            LCD Mode: COMMON
            Register Mode: RegComb
            CaSense Mode: NEITHER
            Treat as pin: True
            Is OE Registered: False
            Uses Analog: False
            Can contain Digital: True
            Is SIO: False
            SIO Output Buf: NONREGULATED
            SIO Input Buf: SINGLE_ENDED
            SIO HiFreq: LOW
            SIO Hyst: DISABLED
            SIO Vtrip: MULTIPLIER_0_5
            SIO Multiplier Index: 0
            SIO RefSel: VCC_IO
            Required Capabilities: DIGITAL
            Initial Value: 1
            IO Voltage: 0
        PORT MAP (
            pa_out => Pin_Button(0)__PA ,
            pad => Pin_Button(0)_PAD );
        Properties:
        {
        }

    Pin : Name = Pin_Beep_Enable(0)
        Attributes:
            In Group/Port: True
            In Sync Option: NOSYNC
            Out Sync Option: NOSYNC
            Interrupt generated: False
            Interrupt mode: NONE
            Drive mode: OPEN_DRAIN_LO
            VTrip: CMOS
            Slew: FAST
            Input Sync needed: False
            Output Sync needed: False
            SC shield enabled: False
            POR State: ANY
            LCD Mode: COMMON
            Register Mode: RegComb
            CaSense Mode: NEITHER
            Treat as pin: True
            Is OE Registered: False
            Uses Analog: False
            Can contain Digital: True
            Is SIO: False
            SIO Output Buf: NONREGULATED
            SIO Input Buf: SINGLE_ENDED
            SIO HiFreq: LOW
            SIO Hyst: DISABLED
            SIO Vtrip: MULTIPLIER_0_5
            SIO Multiplier Index: 0
            SIO RefSel: VCC_IO
            Required Capabilities: DIGITAL, ROUTABLE
            Initial Value: 1
            IO Voltage: 0
        PORT MAP (
            pa_out => Pin_Beep_Enable(0)__PA ,
            fb => Net_176 ,
            pad => Pin_Beep_Enable(0)_PAD );
        Properties:
        {
        }
    </CYPRESSTAG>
    <CYPRESSTAG name="Macrocell listing" icon="FILE_RPT_EQUATION">

    ------------------------------------------------------------
    Macrocell listing
    ------------------------------------------------------------

    MacroCell: Name=\Blinker:PWMUDB:status_2\, Mode=(Combinatorial)
        Total # of inputs        : 2
        Total # of product terms : 1
            Clock Enable: True
        Main Equation            : 1 pterm
        (
              \Blinker:PWMUDB:runmode_enable\ * \Blinker:PWMUDB:tc_i\
        );
        Output = \Blinker:PWMUDB:status_2\ (fanout=1)

    MacroCell: Name=Net_142, Mode=(Combinatorial)
        Total # of inputs        : 2
        Total # of product terms : 1
            Clock Enable: True
        Main Equation            : 1 pterm
        (
              Net_141 * Net_176
        );
        Output = Net_142 (fanout=1)

    MacroCell: Name=\Blinker:PWMUDB:runmode_enable\, Mode=(D-Register)
        Total # of inputs        : 1
        Total # of product terms : 1
        List of special equations: 
            Clock  = (Net_117_digital) => Global
            Clock Enable: True
        Main Equation            : 1 pterm
        (
              \Blinker:PWMUDB:control_7\
        );
        Output = \Blinker:PWMUDB:runmode_enable\ (fanout=5)

    MacroCell: Name=\Blinker:PWMUDB:prevCompare1\, Mode=(D-Register)
        Total # of inputs        : 1
        Total # of product terms : 1
        List of special equations: 
            Clock  = (Net_117_digital) => Global
            Clock Enable: True
        Main Equation            : 1 pterm
        (
              \Blinker:PWMUDB:cmp1_less\
        );
        Output = \Blinker:PWMUDB:prevCompare1\ (fanout=1)

    MacroCell: Name=\Blinker:PWMUDB:prevCompare2\, Mode=(D-Register)
        Total # of inputs        : 1
        Total # of product terms : 1
        List of special equations: 
            Clock  = (Net_117_digital) => Global
            Clock Enable: True
        Main Equation            : 1 pterm
        (
              \Blinker:PWMUDB:cmp2_less\
        );
        Output = \Blinker:PWMUDB:prevCompare2\ (fanout=1)

    MacroCell: Name=\Blinker:PWMUDB:status_0\, Mode=(D-Register)
        Total # of inputs        : 2
        Total # of product terms : 1
        List of special equations: 
            Clock  = (Net_117_digital) => Global
            Clock Enable: True
        Main Equation            : 1 pterm
        (
              !\Blinker:PWMUDB:prevCompare1\ * \Blinker:PWMUDB:cmp1_less\
        );
        Output = \Blinker:PWMUDB:status_0\ (fanout=1)

    MacroCell: Name=\Blinker:PWMUDB:status_1\, Mode=(D-Register)
        Total # of inputs        : 2
        Total # of product terms : 1
        List of special equations: 
            Clock  = (Net_117_digital) => Global
            Clock Enable: True
        Main Equation            : 1 pterm
        (
              !\Blinker:PWMUDB:prevCompare2\ * \Blinker:PWMUDB:cmp2_less\
        );
        Output = \Blinker:PWMUDB:status_1\ (fanout=1)

    MacroCell: Name=Net_119, Mode=(D-Register)
        Total # of inputs        : 2
        Total # of product terms : 1
        List of special equations: 
            Clock  = (Net_117_digital) => Global
            Clock Enable: True
        Main Equation            : 1 pterm
        (
              \Blinker:PWMUDB:runmode_enable\ * \Blinker:PWMUDB:cmp1_less\
        );
        Output = Net_119 (fanout=1)

    MacroCell: Name=Net_141, Mode=(D-Register)
        Total # of inputs        : 2
        Total # of product terms : 1
        List of special equations: 
            Clock  = (Net_117_digital) => Global
            Clock Enable: True
        Main Equation            : 1 pterm
        (
              \Blinker:PWMUDB:runmode_enable\ * \Blinker:PWMUDB:cmp2_less\
        );
        Output = Net_141 (fanout=1)
    </CYPRESSTAG>
    <CYPRESSTAG name="Datapath listing">

    ------------------------------------------------------------
    Datapath listing
    ------------------------------------------------------------

    datapathcell: Name =\Blinker:PWMUDB:sP16:pwmdp:u0\
        PORT MAP (
            clock => Net_117_digital ,
            cs_addr_2 => \Blinker:PWMUDB:tc_i\ ,
            cs_addr_1 => \Blinker:PWMUDB:runmode_enable\ ,
            chain_out => \Blinker:PWMUDB:sP16:pwmdp:carry\ );
        Properties:
        {
            a0_init = "00000000"
            a1_init = "00000000"
            ce0_sync = 1
            ce1_sync = 1
            cl0_sync = 1
            cl1_sync = 1
            cmsb_sync = 1
            co_msb_sync = 1
            cy_dpconfig = "0000000001000000000000001100000001000000010000000000000011000000000000001100000000000000110000000000000011000000000000001100000011111111000000001111111111111111101000000000000000000100000000000000000000011000"
            d0_init = "00000000"
            d1_init = "00000000"
            f0_blk_sync = 1
            f0_bus_sync = 1
            f1_blk_sync = 1
            f1_bus_sync = 1
            ff0_sync = 1
            ff1_sync = 1
            ov_msb_sync = 1
            so_sync = 1
            z0_sync = 1
            z1_sync = 1
        }
        Clock Polarity: Active High
        Clock Enable: True
        Next in chain : \Blinker:PWMUDB:sP16:pwmdp:u1\

    datapathcell: Name =\Blinker:PWMUDB:sP16:pwmdp:u1\
        PORT MAP (
            clock => Net_117_digital ,
            cs_addr_2 => \Blinker:PWMUDB:tc_i\ ,
            cs_addr_1 => \Blinker:PWMUDB:runmode_enable\ ,
            cl0_comb => \Blinker:PWMUDB:cmp1_less\ ,
            z0_comb => \Blinker:PWMUDB:tc_i\ ,
            cl1_comb => \Blinker:PWMUDB:cmp2_less\ ,
            f1_blk_stat_comb => \Blinker:PWMUDB:status_3\ ,
            chain_in => \Blinker:PWMUDB:sP16:pwmdp:carry\ );
        Properties:
        {
            a0_init = "00000000"
            a1_init = "00000000"
            ce0_sync = 1
            ce1_sync = 1
            cl0_sync = 1
            cl1_sync = 1
            cmsb_sync = 1
            co_msb_sync = 1
            cy_dpconfig = "0000000001000000000000001100000001000000010000000000000011000000000000001100000000000000110000000000000011000000000000001100000011111111000000001111111111111111101011110000000000000100000011110000000000011000"
            d0_init = "00000000"
            d1_init = "00000000"
            f0_blk_sync = 1
            f0_bus_sync = 1
            f1_blk_sync = 1
            f1_bus_sync = 1
            ff0_sync = 1
            ff1_sync = 1
            ov_msb_sync = 1
            so_sync = 1
            z0_sync = 1
            z1_sync = 1
        }
        Clock Polarity: Active High
        Clock Enable: True
        Previous in chain : \Blinker:PWMUDB:sP16:pwmdp:u0\
    </CYPRESSTAG>
    <CYPRESSTAG name="Status register listing">
    </CYPRESSTAG>
    <CYPRESSTAG name="StatusI register listing">

    ------------------------------------------------------------
    StatusI register listing
    ------------------------------------------------------------

    statusicell: Name =\Blinker:PWMUDB:genblk8:stsreg\
        PORT MAP (
            clock => Net_117_digital ,
            status_3 => \Blinker:PWMUDB:status_3\ ,
            status_2 => \Blinker:PWMUDB:status_2\ ,
            status_1 => \Blinker:PWMUDB:status_1\ ,
            status_0 => \Blinker:PWMUDB:status_0\ );
        Properties:
        {
            cy_force_order = 1
            cy_int_mask = "1111111"
            cy_md_select = "0100111"
        }
        Clock Polarity: Active High
        Clock Enable: True
    </CYPRESSTAG>
    <CYPRESSTAG name="Sync listing">
    </CYPRESSTAG>
    <CYPRESSTAG name="Control register listing">

    ------------------------------------------------------------
    Control register listing
    ------------------------------------------------------------

    controlcell: Name =\Blinker:PWMUDB:genblk1:ctrlreg\
        PORT MAP (
            clock => Net_117_digital ,
            control_7 => \Blinker:PWMUDB:control_7\ ,
            control_6 => \Blinker:PWMUDB:control_6\ ,
            control_5 => \Blinker:PWMUDB:control_5\ ,
            control_4 => \Blinker:PWMUDB:control_4\ ,
            control_3 => \Blinker:PWMUDB:control_3\ ,
            control_2 => \Blinker:PWMUDB:control_2\ ,
            control_1 => \Blinker:PWMUDB:control_1\ ,
            control_0 => \Blinker:PWMUDB:control_0\ );
        Properties:
        {
            cy_ctrl_mode_0 = "11111111"
            cy_ctrl_mode_1 = "00000000"
            cy_ext_reset = 0
            cy_force_order = 1
            cy_init_value = "00000000"
        }
        Clock Polarity: Active High
        Clock Enable: True
    </CYPRESSTAG>
    <CYPRESSTAG name="Count7 listing">
    </CYPRESSTAG>
    <CYPRESSTAG name="DRQ listing">
    </CYPRESSTAG>
    <CYPRESSTAG name="Interrupt listing">

    ------------------------------------------------------------
    Interrupt listing
    ------------------------------------------------------------

    interrupt: Name =\BLE_1:bless_isr\
        PORT MAP (
            interrupt => \BLE_1:Net_15\ );
        Properties:
        {
            int_type = "10"
            is_nmi = 0
        }

    interrupt: Name =\ADC_SAR_Seq_1:IRQ\
        PORT MAP (
            interrupt => \ADC_SAR_Seq_1:Net_3112\ );
        Properties:
        {
            int_type = "10"
            is_nmi = 0
        }
    </CYPRESSTAG>
</CYPRESSTAG>
<CYPRESSTAG name="Technology mapping summary" expanded>

------------------------------------------------------------
Technology mapping summary
------------------------------------------------------------

Resource Type                 : Used : Free :  Max :  % Used
============================================================
Digital Clocks                :    1 :    3 :    4 : 25.00 %
Interrupts                    :    2 :   30 :   32 :  6.25 %
IO                            :   12 :   26 :   38 : 31.58 %
Segment LCD                   :    0 :    1 :    1 :  0.00 %
CapSense                      :    0 :    1 :    1 :  0.00 %
Die Temp                      :    0 :    1 :    1 :  0.00 %
Serial Communication (SCB)    :    0 :    2 :    2 :  0.00 %
BLE                           :    1 :    0 :    1 : 100.00 %
Timer/Counter/PWM             :    0 :    4 :    4 :  0.00 %
UDB                           :      :      :      :        
  Macrocells                  :    9 :   23 :   32 : 28.13 %
  Unique P-terms              :    9 :   55 :   64 : 14.06 %
  Total P-terms               :    9 :      :      :        
  Datapath Cells              :    2 :    2 :    4 : 50.00 %
  Status Cells                :    1 :    3 :    4 : 25.00 %
    StatusI Registers         :    1 :      :      :        
  Control Cells               :    1 :    3 :    4 : 25.00 %
    Control Registers         :    1 :      :      :        
Comparator/Opamp              :    0 :    4 :    4 :  0.00 %
LP Comparator                 :    0 :    2 :    2 :  0.00 %
SAR ADC                       :    1 :    0 :    1 : 100.00 %
DAC                           :      :      :      :        
  7-bit IDAC                  :    0 :    1 :    1 :  0.00 %
  8-bit IDAC                  :    0 :    1 :    1 :  0.00 %
</CYPRESSTAG>
Technology Mapping: Elapsed time ==> 0s.464ms
Tech Mapping phase: Elapsed time ==> 0s.690ms
</CYPRESSTAG>
<CYPRESSTAG name="Analog Placement">
<CYPRESSTAG name="FFB & IO Pre Placement">
<CYPRESSTAG name="Placement" icon="FILE_RPT_PLACEMENT">

Cell                                : Block                              
=========================================================================
Pin_LED_R(0)                        : [IOP=(2)][IoId=(6)]                
Pin_LED_G(0)                        : [IOP=(3)][IoId=(6)]                
Pin_LED_B(0)                        : [IOP=(3)][IoId=(7)]                
Pin_LED_Ext(0)                      : [IOP=(3)][IoId=(0)]                
Pin_Beep(0)                         : [IOP=(3)][IoId=(1)]                
Pin_Ain(0)                          : [IOP=(3)][IoId=(2)]                
Pin_Button(0)                       : [IOP=(3)][IoId=(3)]                
Pin_Beep_Enable(0)                  : [IOP=(3)][IoId=(5)]                
ClockGenBlock                       : CLK_GEN_[FFB(CLK_GEN,0)]           
\BLE_1:cy_m0s8_ble\                 : BLE_[FFB(BLE,0)]                   
\ADC_SAR_Seq_1:cy_psoc4_sar\        : SARADC_[FFB(SARADC,0)]             

</CYPRESSTAG>
</CYPRESSTAG>
<CYPRESSTAG name="Real Analog Placement">
Elapsed time ==> 0.3683883s
</CYPRESSTAG>
Analog Placement phase: Elapsed time ==> 0s.936ms
</CYPRESSTAG>
<CYPRESSTAG name="Analog Routing">
<CYPRESSTAG name="Analog Routing">
Route success=True, Iterations=1 Elapsed=0.0476455 secs
</CYPRESSTAG>
Analog Routing phase: Elapsed time ==> 0s.057ms
</CYPRESSTAG>
<CYPRESSTAG name="Analog Code Generation">
============ Analog Final Answer Routes ============
Dump of CyAnalogRoutingResultsDB
Map of net to items {
  Net: Net_75 {
    p3_2
    PASS0_SARMUX0_sw2
    PASS0_sarmux_vplus
  }
  Net: \ADC_SAR_Seq_1:Net_3113\ {
  }
  Net: \ADC_SAR_Seq_1:Net_3227\ {
  }
  Net: \ADC_SAR_Seq_1:mux_bus_minus_0\ {
  }
  Net: \ADC_SAR_Seq_1:mux_bus_minus_1\ {
  }
  Net: \ADC_SAR_Seq_1:mux_bus_plus_1\ {
  }
}
Map of item to net {
  p3_2                                             -> Net_75
  PASS0_SARMUX0_sw2                                -> Net_75
  PASS0_sarmux_vplus                               -> Net_75
}
Mux Info {
}
Analog Code Generation phase: Elapsed time ==> 0s.124ms
</CYPRESSTAG>
<CYPRESSTAG name="Digital Placement">
<CYPRESSTAG name="Detailed placement messages">
I2076: Total run-time: 0.8 sec.

</CYPRESSTAG>
<CYPRESSTAG name="PLD Packing">
<CYPRESSTAG name="PLD Packing Summary" expanded>

------------------------------------------------------------
PLD Packing Summary
------------------------------------------------------------
            Resource Type : Used : Free :  Max :  % Used
    ====================================================
                     PLDs :    3 :    5 :    8 :  37.50%

<CYPRESSTAG name="PLD Statistics">

        PLD Resource Type :     Average/LAB
    =======================================
                   Inputs :            3.67
                   Pterms :            3.00
               Macrocells :            3.00
</CYPRESSTAG>
<CYPRESSTAG name="Packed PLD Contents">
Packed PLD Contents not displayed at this verbose level.</CYPRESSTAG>
</CYPRESSTAG>
PLD Packing: Elapsed time ==> 0s.050ms
</CYPRESSTAG>
<CYPRESSTAG name="Partitioning">
<CYPRESSTAG name="Initial Partitioning Summary">
Initial Partitioning Summary not displayed at this verbose level.</CYPRESSTAG>
<CYPRESSTAG name="Final Partitioning Summary">
Final Partitioning Summary not displayed at this verbose level.</CYPRESSTAG>
Partitioning: Elapsed time ==> 0s.181ms
</CYPRESSTAG>
<CYPRESSTAG name="Final Placement Summary">

------------------------------------------------------------
Final Placement Summary
------------------------------------------------------------

       Resource Type :      Count : Avg Inputs : Avg Outputs
    ========================================================
                 UDB :          2 :       5.00 :       4.50
<CYPRESSTAG name="Final Placement Details">
<CYPRESSTAG name="Component Details">

------------------------------------------------------------
Component Placement Details
------------------------------------------------------------
UDB [UDB=(0,0)] contents:
LAB@[UDB=(0,0)][LB=0] #macrocells=4, #inputs=5, #pterms=4
{
    [McSlotId=0]:     MacroCell: Name=\Blinker:PWMUDB:runmode_enable\, Mode=(D-Register) @ [UDB=(0,0)][LB=0][MC=0]
        Total # of inputs        : 1
        Total # of product terms : 1
        List of special equations: 
            Clock  = (Net_117_digital) => Global
            Clock Enable: True
        Main Equation            : 1 pterm
        (
              \Blinker:PWMUDB:control_7\
        );
        Output = \Blinker:PWMUDB:runmode_enable\ (fanout=5)
        Properties               : 
        {
        }

    [McSlotId=1]:     MacroCell: Name=\Blinker:PWMUDB:status_2\, Mode=(Combinatorial) @ [UDB=(0,0)][LB=0][MC=1]
        Total # of inputs        : 2
        Total # of product terms : 1
            Clock Enable: True
        Main Equation            : 1 pterm
        (
              \Blinker:PWMUDB:runmode_enable\ * \Blinker:PWMUDB:tc_i\
        );
        Output = \Blinker:PWMUDB:status_2\ (fanout=1)
        Properties               : 
        {
        }

    [McSlotId=2]:     MacroCell: Name=Net_119, Mode=(D-Register) @ [UDB=(0,0)][LB=0][MC=2]
        Total # of inputs        : 2
        Total # of product terms : 1
        List of special equations: 
            Clock  = (Net_117_digital) => Global
            Clock Enable: True
        Main Equation            : 1 pterm
        (
              \Blinker:PWMUDB:runmode_enable\ * \Blinker:PWMUDB:cmp1_less\
        );
        Output = Net_119 (fanout=1)
        Properties               : 
        {
        }

    [McSlotId=3]:     MacroCell: Name=Net_141, Mode=(D-Register) @ [UDB=(0,0)][LB=0][MC=3]
        Total # of inputs        : 2
        Total # of product terms : 1
        List of special equations: 
            Clock  = (Net_117_digital) => Global
            Clock Enable: True
        Main Equation            : 1 pterm
        (
              \Blinker:PWMUDB:runmode_enable\ * \Blinker:PWMUDB:cmp2_less\
        );
        Output = Net_141 (fanout=1)
        Properties               : 
        {
        }
}

LAB@[UDB=(0,0)][LB=1] #macrocells=3, #inputs=4, #pterms=3
{
    [McSlotId=0]:     MacroCell: Name=Net_142, Mode=(Combinatorial) @ [UDB=(0,0)][LB=1][MC=0]
        Total # of inputs        : 2
        Total # of product terms : 1
            Clock Enable: True
        Main Equation            : 1 pterm
        (
              Net_141 * Net_176
        );
        Output = Net_142 (fanout=1)
        Properties               : 
        {
        }

    [McSlotId=1]:     MacroCell: Name=\Blinker:PWMUDB:prevCompare1\, Mode=(D-Register) @ [UDB=(0,0)][LB=1][MC=1]
        Total # of inputs        : 1
        Total # of product terms : 1
        List of special equations: 
            Clock  = (Net_117_digital) => Global
            Clock Enable: True
        Main Equation            : 1 pterm
        (
              \Blinker:PWMUDB:cmp1_less\
        );
        Output = \Blinker:PWMUDB:prevCompare1\ (fanout=1)
        Properties               : 
        {
        }

    [McSlotId=2]:     MacroCell: Name=\Blinker:PWMUDB:status_0\, Mode=(D-Register) @ [UDB=(0,0)][LB=1][MC=2]
        Total # of inputs        : 2
        Total # of product terms : 1
        List of special equations: 
            Clock  = (Net_117_digital) => Global
            Clock Enable: True
        Main Equation            : 1 pterm
        (
              !\Blinker:PWMUDB:prevCompare1\ * \Blinker:PWMUDB:cmp1_less\
        );
        Output = \Blinker:PWMUDB:status_0\ (fanout=1)
        Properties               : 
        {
        }

    [McSlotId=3]: (empty)
}

datapathcell: Name =\Blinker:PWMUDB:sP16:pwmdp:u1\
    PORT MAP (
        clock => Net_117_digital ,
        cs_addr_2 => \Blinker:PWMUDB:tc_i\ ,
        cs_addr_1 => \Blinker:PWMUDB:runmode_enable\ ,
        cl0_comb => \Blinker:PWMUDB:cmp1_less\ ,
        z0_comb => \Blinker:PWMUDB:tc_i\ ,
        cl1_comb => \Blinker:PWMUDB:cmp2_less\ ,
        f1_blk_stat_comb => \Blinker:PWMUDB:status_3\ ,
        chain_in => \Blinker:PWMUDB:sP16:pwmdp:carry\ );
    Properties:
    {
        a0_init = "00000000"
        a1_init = "00000000"
        ce0_sync = 1
        ce1_sync = 1
        cl0_sync = 1
        cl1_sync = 1
        cmsb_sync = 1
        co_msb_sync = 1
        cy_dpconfig = "0000000001000000000000001100000001000000010000000000000011000000000000001100000000000000110000000000000011000000000000001100000011111111000000001111111111111111101011110000000000000100000011110000000000011000"
        d0_init = "00000000"
        d1_init = "00000000"
        f0_blk_sync = 1
        f0_bus_sync = 1
        f1_blk_sync = 1
        f1_bus_sync = 1
        ff0_sync = 1
        ff1_sync = 1
        ov_msb_sync = 1
        so_sync = 1
        z0_sync = 1
        z1_sync = 1
    }
    Clock Polarity: Active High
    Clock Enable: True
    Previous in chain : \Blinker:PWMUDB:sP16:pwmdp:u0\

statusicell: Name =\Blinker:PWMUDB:genblk8:stsreg\
    PORT MAP (
        clock => Net_117_digital ,
        status_3 => \Blinker:PWMUDB:status_3\ ,
        status_2 => \Blinker:PWMUDB:status_2\ ,
        status_1 => \Blinker:PWMUDB:status_1\ ,
        status_0 => \Blinker:PWMUDB:status_0\ );
    Properties:
    {
        cy_force_order = 1
        cy_int_mask = "1111111"
        cy_md_select = "0100111"
    }
    Clock Polarity: Active High
    Clock Enable: True

controlcell: Name =\Blinker:PWMUDB:genblk1:ctrlreg\
    PORT MAP (
        clock => Net_117_digital ,
        control_7 => \Blinker:PWMUDB:control_7\ ,
        control_6 => \Blinker:PWMUDB:control_6\ ,
        control_5 => \Blinker:PWMUDB:control_5\ ,
        control_4 => \Blinker:PWMUDB:control_4\ ,
        control_3 => \Blinker:PWMUDB:control_3\ ,
        control_2 => \Blinker:PWMUDB:control_2\ ,
        control_1 => \Blinker:PWMUDB:control_1\ ,
        control_0 => \Blinker:PWMUDB:control_0\ );
    Properties:
    {
        cy_ctrl_mode_0 = "11111111"
        cy_ctrl_mode_1 = "00000000"
        cy_ext_reset = 0
        cy_force_order = 1
        cy_init_value = "00000000"
    }
    Clock Polarity: Active High
    Clock Enable: True

UDB [UDB=(0,1)] is empty.
UDB [UDB=(1,0)] contents:
LAB@[UDB=(1,0)][LB=0] #macrocells=2, #inputs=2, #pterms=2
{
    [McSlotId=0]:     MacroCell: Name=\Blinker:PWMUDB:status_1\, Mode=(D-Register) @ [UDB=(1,0)][LB=0][MC=0]
        Total # of inputs        : 2
        Total # of product terms : 1
        List of special equations: 
            Clock  = (Net_117_digital) => Global
            Clock Enable: True
        Main Equation            : 1 pterm
        (
              !\Blinker:PWMUDB:prevCompare2\ * \Blinker:PWMUDB:cmp2_less\
        );
        Output = \Blinker:PWMUDB:status_1\ (fanout=1)
        Properties               : 
        {
        }

    [McSlotId=1]: (empty)
    [McSlotId=2]:     MacroCell: Name=\Blinker:PWMUDB:prevCompare2\, Mode=(D-Register) @ [UDB=(1,0)][LB=0][MC=2]
        Total # of inputs        : 1
        Total # of product terms : 1
        List of special equations: 
            Clock  = (Net_117_digital) => Global
            Clock Enable: True
        Main Equation            : 1 pterm
        (
              \Blinker:PWMUDB:cmp2_less\
        );
        Output = \Blinker:PWMUDB:prevCompare2\ (fanout=1)
        Properties               : 
        {
        }

    [McSlotId=3]: (empty)
}

datapathcell: Name =\Blinker:PWMUDB:sP16:pwmdp:u0\
    PORT MAP (
        clock => Net_117_digital ,
        cs_addr_2 => \Blinker:PWMUDB:tc_i\ ,
        cs_addr_1 => \Blinker:PWMUDB:runmode_enable\ ,
        chain_out => \Blinker:PWMUDB:sP16:pwmdp:carry\ );
    Properties:
    {
        a0_init = "00000000"
        a1_init = "00000000"
        ce0_sync = 1
        ce1_sync = 1
        cl0_sync = 1
        cl1_sync = 1
        cmsb_sync = 1
        co_msb_sync = 1
        cy_dpconfig = "0000000001000000000000001100000001000000010000000000000011000000000000001100000000000000110000000000000011000000000000001100000011111111000000001111111111111111101000000000000000000100000000000000000000011000"
        d0_init = "00000000"
        d1_init = "00000000"
        f0_blk_sync = 1
        f0_bus_sync = 1
        f1_blk_sync = 1
        f1_bus_sync = 1
        ff0_sync = 1
        ff1_sync = 1
        ov_msb_sync = 1
        so_sync = 1
        z0_sync = 1
        z1_sync = 1
    }
    Clock Polarity: Active High
    Clock Enable: True
    Next in chain : \Blinker:PWMUDB:sP16:pwmdp:u1\

UDB [UDB=(1,1)] is empty.
Intr container @ [IntrContainer=(0)]: 
  Intr@ [IntrContainer=(0)][IntrId=(12)] 
    interrupt: Name =\BLE_1:bless_isr\
        PORT MAP (
            interrupt => \BLE_1:Net_15\ );
        Properties:
        {
            int_type = "10"
            is_nmi = 0
        }
  Intr@ [IntrContainer=(0)][IntrId=(15)] 
    interrupt: Name =\ADC_SAR_Seq_1:IRQ\
        PORT MAP (
            interrupt => \ADC_SAR_Seq_1:Net_3112\ );
        Properties:
        {
            int_type = "10"
            is_nmi = 0
        }
Port 0 contains the following IO cells:
Port 1 contains the following IO cells:
Port 2 contains the following IO cells:
[IoId=6]: 
Pin : Name = Pin_LED_R(0)
    Attributes:
        In Group/Port: True
        In Sync Option: AUTO
        Out Sync Option: NOSYNC
        Interrupt generated: False
        Interrupt mode: NONE
        Drive mode: CMOS_OUT
        VTrip: EITHER
        Slew: FAST
        Input Sync needed: False
        Output Sync needed: False
        SC shield enabled: False
        POR State: ANY
        LCD Mode: COMMON
        Register Mode: RegComb
        CaSense Mode: NEITHER
        Treat as pin: True
        Is OE Registered: False
        Uses Analog: False
        Can contain Digital: True
        Is SIO: False
        SIO Output Buf: NONREGULATED
        SIO Input Buf: SINGLE_ENDED
        SIO HiFreq: LOW
        SIO Hyst: DISABLED
        SIO Vtrip: MULTIPLIER_0_5
        SIO Multiplier Index: 0
        SIO RefSel: VCC_IO
        Required Capabilities: DIGITAL
        Initial Value: 1
        IO Voltage: 0
    PORT MAP (
        pa_out => Pin_LED_R(0)__PA ,
        pad => Pin_LED_R(0)_PAD );
    Properties:
    {
    }

Port 3 contains the following IO cells:
[IoId=0]: 
Pin : Name = Pin_LED_Ext(0)
    Attributes:
        In Group/Port: True
        In Sync Option: AUTO
        Out Sync Option: NOSYNC
        Interrupt generated: False
        Interrupt mode: NONE
        Drive mode: CMOS_OUT
        VTrip: EITHER
        Slew: FAST
        Input Sync needed: False
        Output Sync needed: False
        SC shield enabled: False
        POR State: ANY
        LCD Mode: COMMON
        Register Mode: RegComb
        CaSense Mode: NEITHER
        Treat as pin: True
        Is OE Registered: False
        Uses Analog: False
        Can contain Digital: True
        Is SIO: False
        SIO Output Buf: NONREGULATED
        SIO Input Buf: SINGLE_ENDED
        SIO HiFreq: LOW
        SIO Hyst: DISABLED
        SIO Vtrip: MULTIPLIER_0_5
        SIO Multiplier Index: 0
        SIO RefSel: VCC_IO
        Required Capabilities: DIGITAL, ROUTABLE
        Initial Value: 1
        IO Voltage: 0
    PORT MAP (
        pa_out => Pin_LED_Ext(0)__PA ,
        pin_input => Net_119 ,
        pad => Pin_LED_Ext(0)_PAD );
    Properties:
    {
    }

[IoId=1]: 
Pin : Name = Pin_Beep(0)
    Attributes:
        In Group/Port: True
        In Sync Option: AUTO
        Out Sync Option: NOSYNC
        Interrupt generated: False
        Interrupt mode: NONE
        Drive mode: CMOS_OUT
        VTrip: EITHER
        Slew: FAST
        Input Sync needed: False
        Output Sync needed: False
        SC shield enabled: False
        POR State: ANY
        LCD Mode: COMMON
        Register Mode: RegComb
        CaSense Mode: NEITHER
        Treat as pin: True
        Is OE Registered: False
        Uses Analog: False
        Can contain Digital: True
        Is SIO: False
        SIO Output Buf: NONREGULATED
        SIO Input Buf: SINGLE_ENDED
        SIO HiFreq: LOW
        SIO Hyst: DISABLED
        SIO Vtrip: MULTIPLIER_0_5
        SIO Multiplier Index: 0
        SIO RefSel: VCC_IO
        Required Capabilities: DIGITAL, ROUTABLE
        Initial Value: 1
        IO Voltage: 0
    PORT MAP (
        pa_out => Pin_Beep(0)__PA ,
        pin_input => Net_142 ,
        pad => Pin_Beep(0)_PAD );
    Properties:
    {
    }

[IoId=2]: 
Pin : Name = Pin_Ain(0)
    Attributes:
        In Group/Port: True
        In Sync Option: AUTO
        Out Sync Option: AUTO
        Interrupt generated: False
        Interrupt mode: NONE
        Drive mode: HI_Z_ANALOG
        VTrip: EITHER
        Slew: FAST
        Input Sync needed: False
        Output Sync needed: False
        SC shield enabled: False
        POR State: ANY
        LCD Mode: COMMON
        Register Mode: RegComb
        CaSense Mode: NEITHER
        Treat as pin: True
        Is OE Registered: False
        Uses Analog: True
        Can contain Digital: False
        Is SIO: False
        SIO Output Buf: NONREGULATED
        SIO Input Buf: SINGLE_ENDED
        SIO HiFreq: LOW
        SIO Hyst: DISABLED
        SIO Vtrip: MULTIPLIER_0_5
        SIO Multiplier Index: 0
        SIO RefSel: VCC_IO
        Required Capabilities: ANALOG
        Initial Value: 1
        IO Voltage: 0
    PORT MAP (
        pa_out => Pin_Ain(0)__PA ,
        analog_term => Net_75 ,
        pad => Pin_Ain(0)_PAD );
    Properties:
    {
    }

[IoId=3]: 
Pin : Name = Pin_Button(0)
    Attributes:
        In Group/Port: True
        In Sync Option: NOSYNC
        Out Sync Option: AUTO
        Interrupt generated: False
        Interrupt mode: NONE
        Drive mode: RES_PULL_UP
        VTrip: CMOS
        Slew: FAST
        Input Sync needed: False
        Output Sync needed: False
        SC shield enabled: False
        POR State: ANY
        LCD Mode: COMMON
        Register Mode: RegComb
        CaSense Mode: NEITHER
        Treat as pin: True
        Is OE Registered: False
        Uses Analog: False
        Can contain Digital: True
        Is SIO: False
        SIO Output Buf: NONREGULATED
        SIO Input Buf: SINGLE_ENDED
        SIO HiFreq: LOW
        SIO Hyst: DISABLED
        SIO Vtrip: MULTIPLIER_0_5
        SIO Multiplier Index: 0
        SIO RefSel: VCC_IO
        Required Capabilities: DIGITAL
        Initial Value: 1
        IO Voltage: 0
    PORT MAP (
        pa_out => Pin_Button(0)__PA ,
        pad => Pin_Button(0)_PAD );
    Properties:
    {
    }

[IoId=5]: 
Pin : Name = Pin_Beep_Enable(0)
    Attributes:
        In Group/Port: True
        In Sync Option: NOSYNC
        Out Sync Option: NOSYNC
        Interrupt generated: False
        Interrupt mode: NONE
        Drive mode: OPEN_DRAIN_LO
        VTrip: CMOS
        Slew: FAST
        Input Sync needed: False
        Output Sync needed: False
        SC shield enabled: False
        POR State: ANY
        LCD Mode: COMMON
        Register Mode: RegComb
        CaSense Mode: NEITHER
        Treat as pin: True
        Is OE Registered: False
        Uses Analog: False
        Can contain Digital: True
        Is SIO: False
        SIO Output Buf: NONREGULATED
        SIO Input Buf: SINGLE_ENDED
        SIO HiFreq: LOW
        SIO Hyst: DISABLED
        SIO Vtrip: MULTIPLIER_0_5
        SIO Multiplier Index: 0
        SIO RefSel: VCC_IO
        Required Capabilities: DIGITAL, ROUTABLE
        Initial Value: 1
        IO Voltage: 0
    PORT MAP (
        pa_out => Pin_Beep_Enable(0)__PA ,
        fb => Net_176 ,
        pad => Pin_Beep_Enable(0)_PAD );
    Properties:
    {
    }

[IoId=6]: 
Pin : Name = Pin_LED_G(0)
    Attributes:
        In Group/Port: True
        In Sync Option: AUTO
        Out Sync Option: NOSYNC
        Interrupt generated: False
        Interrupt mode: NONE
        Drive mode: CMOS_OUT
        VTrip: EITHER
        Slew: FAST
        Input Sync needed: False
        Output Sync needed: False
        SC shield enabled: False
        POR State: ANY
        LCD Mode: COMMON
        Register Mode: RegComb
        CaSense Mode: NEITHER
        Treat as pin: True
        Is OE Registered: False
        Uses Analog: False
        Can contain Digital: True
        Is SIO: False
        SIO Output Buf: NONREGULATED
        SIO Input Buf: SINGLE_ENDED
        SIO HiFreq: LOW
        SIO Hyst: DISABLED
        SIO Vtrip: MULTIPLIER_0_5
        SIO Multiplier Index: 0
        SIO RefSel: VCC_IO
        Required Capabilities: DIGITAL
        Initial Value: 1
        IO Voltage: 0
    PORT MAP (
        pa_out => Pin_LED_G(0)__PA ,
        pad => Pin_LED_G(0)_PAD );
    Properties:
    {
    }

[IoId=7]: 
Pin : Name = Pin_LED_B(0)
    Attributes:
        In Group/Port: True
        In Sync Option: AUTO
        Out Sync Option: NOSYNC
        Interrupt generated: False
        Interrupt mode: NONE
        Drive mode: CMOS_OUT
        VTrip: EITHER
        Slew: FAST
        Input Sync needed: False
        Output Sync needed: False
        SC shield enabled: False
        POR State: ANY
        LCD Mode: COMMON
        Register Mode: RegComb
        CaSense Mode: NEITHER
        Treat as pin: True
        Is OE Registered: False
        Uses Analog: False
        Can contain Digital: True
        Is SIO: False
        SIO Output Buf: NONREGULATED
        SIO Input Buf: SINGLE_ENDED
        SIO HiFreq: LOW
        SIO Hyst: DISABLED
        SIO Vtrip: MULTIPLIER_0_5
        SIO Multiplier Index: 0
        SIO RefSel: VCC_IO
        Required Capabilities: DIGITAL
        Initial Value: 1
        IO Voltage: 0
    PORT MAP (
        pa_out => Pin_LED_B(0)__PA ,
        pad => Pin_LED_B(0)_PAD );
    Properties:
    {
    }

Port 4 contains the following IO cells:
Port 5 contains the following IO cells:
Port 6 contains the following IO cells:
ARM group 0: empty
Clock group 0: 
    Clock Block @ F(Clock,0): 
    m0s8clockblockcell: Name =ClockBlock
        PORT MAP (
            hfclk => ClockBlock_HFCLK ,
            imo => ClockBlock_IMO ,
            ext => ClockBlock_EXTCLK ,
            sysclk => ClockBlock_SYSCLK ,
            eco => ClockBlock_ECO ,
            ilo => ClockBlock_ILO ,
            lfclk => ClockBlock_LFCLK ,
            wco => ClockBlock_WCO ,
            dsi_in_0 => ClockBlock_Routed1 ,
            ff_div_6 => \ADC_SAR_Seq_1:Net_1845_ff6\ ,
            udb_div_0 => dclk_to_genclk );
        Properties:
        {
        }
LCD group 0: empty
PICU group 0: empty
LPCOMP group 0: empty
SCB group 0: empty
CSD group 0: empty
CSIDAC8 group 0: empty
CSIDAC7 group 0: empty
TCPWM group 0: empty
OA group 0: empty
TEMP group 0: empty
SARADC group 0: 
    SAR ADC @ F(SARADC,0): 
    p4sarcell: Name =\ADC_SAR_Seq_1:cy_psoc4_sar\
        PORT MAP (
            vplus => Net_75 ,
            vminus => \ADC_SAR_Seq_1:mux_bus_minus_0\ ,
            vref => \ADC_SAR_Seq_1:Net_3113\ ,
            ext_vref => \ADC_SAR_Seq_1:Net_3227\ ,
            clock => \ADC_SAR_Seq_1:Net_1845_ff6\ ,
            sample_done => Net_78 ,
            chan_id_valid => \ADC_SAR_Seq_1:Net_3108\ ,
            chan_id_3 => \ADC_SAR_Seq_1:Net_3109_3\ ,
            chan_id_2 => \ADC_SAR_Seq_1:Net_3109_2\ ,
            chan_id_1 => \ADC_SAR_Seq_1:Net_3109_1\ ,
            chan_id_0 => \ADC_SAR_Seq_1:Net_3109_0\ ,
            data_valid => \ADC_SAR_Seq_1:Net_3110\ ,
            data_11 => \ADC_SAR_Seq_1:Net_3111_11\ ,
            data_10 => \ADC_SAR_Seq_1:Net_3111_10\ ,
            data_9 => \ADC_SAR_Seq_1:Net_3111_9\ ,
            data_8 => \ADC_SAR_Seq_1:Net_3111_8\ ,
            data_7 => \ADC_SAR_Seq_1:Net_3111_7\ ,
            data_6 => \ADC_SAR_Seq_1:Net_3111_6\ ,
            data_5 => \ADC_SAR_Seq_1:Net_3111_5\ ,
            data_4 => \ADC_SAR_Seq_1:Net_3111_4\ ,
            data_3 => \ADC_SAR_Seq_1:Net_3111_3\ ,
            data_2 => \ADC_SAR_Seq_1:Net_3111_2\ ,
            data_1 => \ADC_SAR_Seq_1:Net_3111_1\ ,
            data_0 => \ADC_SAR_Seq_1:Net_3111_0\ ,
            tr_sar_out => Net_79 ,
            irq => \ADC_SAR_Seq_1:Net_3112\ );
        Properties:
        {
            cy_registers = ""
        }
CLK_GEN group 0: 
    M0S8 Clock Gen Block @ F(CLK_GEN,0): 
    m0s8clockgenblockcell: Name =ClockGenBlock
        PORT MAP (
            gen_clk_out_0 => Net_117_digital ,
            gen_clk_in_0 => dclk_to_genclk );
        Properties:
        {
        }
LPCOMPBLOCK group 0: empty
PASSBLOCK group 0: empty
BLE group 0: 
    BLE Block @ F(BLE,0): 
    p4blecell: Name =\BLE_1:cy_m0s8_ble\
        PORT MAP (
            interrupt => \BLE_1:Net_15\ ,
            rfctrl_extpa_en => Net_5 );
        Properties:
        {
            cy_registers = ""
        }
WCO group 0: empty
SRSS group 0: empty
CPUSS group 0: empty
IOSS group 0: empty
</CYPRESSTAG>
<CYPRESSTAG name="Port Configuration Details">

------------------------------------------------------------
Port Configuration report
------------------------------------------------------------
     |     |       | Interrupt |                  |                    | 
Port | Pin | Fixed |      Type |       Drive Mode |               Name | Connections
-----+-----+-------+-----------+------------------+--------------------+---------------
   2 |   6 |     * |      NONE |         CMOS_OUT |       Pin_LED_R(0) | 
-----+-----+-------+-----------+------------------+--------------------+---------------
   3 |   0 |     * |      NONE |         CMOS_OUT |     Pin_LED_Ext(0) | In(Net_119)
     |   1 |     * |      NONE |         CMOS_OUT |        Pin_Beep(0) | In(Net_142)
     |   2 |     * |      NONE |      HI_Z_ANALOG |         Pin_Ain(0) | Analog(Net_75)
     |   3 |     * |      NONE |      RES_PULL_UP |      Pin_Button(0) | 
     |   5 |     * |      NONE |    OPEN_DRAIN_LO | Pin_Beep_Enable(0) | FB(Net_176)
     |   6 |     * |      NONE |         CMOS_OUT |       Pin_LED_G(0) | 
     |   7 |     * |      NONE |         CMOS_OUT |       Pin_LED_B(0) | 
---------------------------------------------------------------------------------------
</CYPRESSTAG>
</CYPRESSTAG>
</CYPRESSTAG>
Digital component placer commit/Report: Elapsed time ==> 0s.051ms
Digital Placement phase: Elapsed time ==> 2s.599ms
</CYPRESSTAG>
<CYPRESSTAG name="Digital Routing">
"E:\PSoC Creator\4.1\PSoC Creator\bin/sjrouter.exe" --xml-path "E:\PSoC Creator\4.1\PSoC Creator\dev\psoc4/3/128k/route_arch-rrg.cydata" --vh2-path "SmartBox_r.vh2" --pcf-path "SmartBox.pco" --des-name "SmartBox" --dsf-path "SmartBox.dsf" --sdc-path "SmartBox.sdc" --lib-path "SmartBox_r.lib"
Routing successful.
Digital Routing phase: Elapsed time ==> 1s.503ms
</CYPRESSTAG>
<CYPRESSTAG name="Bitstream Generation">
Bitstream Generation phase: Elapsed time ==> 0s.841ms
</CYPRESSTAG>
<CYPRESSTAG name="Bitstream Verification">
Bitstream Verification phase: Elapsed time ==> 0s.160ms
</CYPRESSTAG>
<CYPRESSTAG name="Static timing analysis">
Timing report is in SmartBox_timing.html.
Static timing analysis phase: Elapsed time ==> 0s.847ms
</CYPRESSTAG>
<CYPRESSTAG name="Data reporting">
Data reporting phase: Elapsed time ==> 0s.281ms
</CYPRESSTAG>
<CYPRESSTAG name="Database update...">
Design database save phase: Elapsed time ==> 0s.373ms
</CYPRESSTAG>
cydsfit: Elapsed time ==> 8s.676ms
</CYPRESSTAG>
Fitter phase: Elapsed time ==> 8s.694ms
API generation phase: Elapsed time ==> 7s.062ms
Dependency generation phase: Elapsed time ==> 0s.033ms
Cleanup phase: Elapsed time ==> 0s.007ms
