--------------- Build Started: 06/27/2017 10:39:10 Project: SmartBox, Configuration: ARM GCC 5.4-2016-q2-update Debug ---------------
cydsfit.exe -.appdatapath "C:\Users\alexis\AppData\Local\Cypress Semiconductor\PSoC Creator\4.1" -.fdsnotice -.fdswarpdepfile=warp_dependencies.txt -.fdselabdepfile=elab_dependencies.txt -.fdsbldfile=generated_files.txt -.fdsreffile=referenced_files.txt -p E:\GitHub\SmartBox\firmware\SmartBox\SmartBox.cydsn\SmartBox.cyprj -d CY8C4247LQI-BL483 -s E:\GitHub\SmartBox\firmware\SmartBox\SmartBox.cydsn\Generated_Source\PSoC4 -- -yv2 -q10 -ygs -o2 -v3 -.fftcfgtype=LE
Elaborating Design...
HDL Generation...
Synthesis...
Tech Mapping...
Analog Placement...
Analog Routing...
Analog Code Generation...
Digital Placement...
Digital Routing...
Bitstream Generation...
Bitstream Verification...
Static timing analysis...
API Generation...
Dependency Generation...
Cleanup...
arm-none-eabi-gcc.exe -c main.c -o .\CortexM0\ARM_GCC_541\Debug\main.o -mcpu=cortex-m0 -mthumb -I. -IGenerated_Source\PSoC4 -Wa,-alh=.\CortexM0\ARM_GCC_541\Debug/main.lst -g -D DEBUG -Wall -ffunction-sections -ffat-lto-objects -Og
arm-none-eabi-gcc.exe -c Generated_Source\PSoC4\cyfitter_cfg.c -o .\CortexM0\ARM_GCC_541\Debug\cyfitter_cfg.o -mcpu=cortex-m0 -mthumb -I. -IGenerated_Source\PSoC4 -Wa,-alh=.\CortexM0\ARM_GCC_541\Debug/cyfitter_cfg.lst -g -D DEBUG -Wall -ffunction-sections -ffat-lto-objects -Og
arm-none-eabi-gcc.exe -c Generated_Source\PSoC4\cymetadata.c -o .\CortexM0\ARM_GCC_541\Debug\cymetadata.o -mcpu=cortex-m0 -mthumb -I. -IGenerated_Source\PSoC4 -Wa,-alh=.\CortexM0\ARM_GCC_541\Debug/cymetadata.lst -g -D DEBUG -Wall -ffunction-sections -ffat-lto-objects -Og
arm-none-eabi-gcc.exe -c Generated_Source\PSoC4\BLE_1.c -o .\CortexM0\ARM_GCC_541\Debug\BLE_1.o -mcpu=cortex-m0 -mthumb -I. -IGenerated_Source\PSoC4 -Wa,-alh=.\CortexM0\ARM_GCC_541\Debug/BLE_1.lst -g -D DEBUG -Wall -ffunction-sections -ffat-lto-objects -Og
arm-none-eabi-gcc.exe -c Generated_Source\PSoC4\BLE_1_gatt.c -o .\CortexM0\ARM_GCC_541\Debug\BLE_1_gatt.o -mcpu=cortex-m0 -mthumb -I. -IGenerated_Source\PSoC4 -Wa,-alh=.\CortexM0\ARM_GCC_541\Debug/BLE_1_gatt.lst -g -D DEBUG -Wall -ffunction-sections -ffat-lto-objects -Og
arm-none-eabi-gcc.exe -c Generated_Source\PSoC4\BLE_1_eventHandler.c -o .\CortexM0\ARM_GCC_541\Debug\BLE_1_eventHandler.o -mcpu=cortex-m0 -mthumb -I. -IGenerated_Source\PSoC4 -Wa,-alh=.\CortexM0\ARM_GCC_541\Debug/BLE_1_eventHandler.lst -g -D DEBUG -Wall -ffunction-sections -ffat-lto-objects -Og
arm-none-eabi-gcc.exe -c Generated_Source\PSoC4\BLE_1_HAL_INT.c -o .\CortexM0\ARM_GCC_541\Debug\BLE_1_HAL_INT.o -mcpu=cortex-m0 -mthumb -I. -IGenerated_Source\PSoC4 -Wa,-alh=.\CortexM0\ARM_GCC_541\Debug/BLE_1_HAL_INT.lst -g -D DEBUG -Wall -ffunction-sections -ffat-lto-objects -Og
arm-none-eabi-gcc.exe -c Generated_Source\PSoC4\BLE_1_HAL_PVT.c -o .\CortexM0\ARM_GCC_541\Debug\BLE_1_HAL_PVT.o -mcpu=cortex-m0 -mthumb -I. -IGenerated_Source\PSoC4 -Wa,-alh=.\CortexM0\ARM_GCC_541\Debug/BLE_1_HAL_PVT.lst -g -D DEBUG -Wall -ffunction-sections -ffat-lto-objects -Og
arm-none-eabi-gcc.exe -c Generated_Source\PSoC4\BLE_1_custom.c -o .\CortexM0\ARM_GCC_541\Debug\BLE_1_custom.o -mcpu=cortex-m0 -mthumb -I. -IGenerated_Source\PSoC4 -Wa,-alh=.\CortexM0\ARM_GCC_541\Debug/BLE_1_custom.lst -g -D DEBUG -Wall -ffunction-sections -ffat-lto-objects -Og
arm-none-eabi-gcc.exe -c Generated_Source\PSoC4\BLE_1_bless_isr.c -o .\CortexM0\ARM_GCC_541\Debug\BLE_1_bless_isr.o -mcpu=cortex-m0 -mthumb -I. -IGenerated_Source\PSoC4 -Wa,-alh=.\CortexM0\ARM_GCC_541\Debug/BLE_1_bless_isr.lst -g -D DEBUG -Wall -ffunction-sections -ffat-lto-objects -Og
arm-none-eabi-gcc.exe -c Generated_Source\PSoC4\Cm0Start.c -o .\CortexM0\ARM_GCC_541\Debug\Cm0Start.o -mcpu=cortex-m0 -mthumb -I. -IGenerated_Source\PSoC4 -Wa,-alh=.\CortexM0\ARM_GCC_541\Debug/Cm0Start.lst -g -D DEBUG -Wall -ffunction-sections -ffat-lto-objects -Og
arm-none-eabi-gcc.exe -c Generated_Source\PSoC4\CyFlash.c -o .\CortexM0\ARM_GCC_541\Debug\CyFlash.o -mcpu=cortex-m0 -mthumb -I. -IGenerated_Source\PSoC4 -Wa,-alh=.\CortexM0\ARM_GCC_541\Debug/CyFlash.lst -g -D DEBUG -Wall -ffunction-sections -ffat-lto-objects -Og
arm-none-eabi-gcc.exe -c Generated_Source\PSoC4\CyLib.c -o .\CortexM0\ARM_GCC_541\Debug\CyLib.o -mcpu=cortex-m0 -mthumb -I. -IGenerated_Source\PSoC4 -Wa,-alh=.\CortexM0\ARM_GCC_541\Debug/CyLib.lst -g -D DEBUG -Wall -ffunction-sections -ffat-lto-objects -Og
arm-none-eabi-gcc.exe -c Generated_Source\PSoC4\cyPm.c -o .\CortexM0\ARM_GCC_541\Debug\cyPm.o -mcpu=cortex-m0 -mthumb -I. -IGenerated_Source\PSoC4 -Wa,-alh=.\CortexM0\ARM_GCC_541\Debug/cyPm.lst -g -D DEBUG -Wall -ffunction-sections -ffat-lto-objects -Og
arm-none-eabi-gcc.exe -c Generated_Source\PSoC4\cyutils.c -o .\CortexM0\ARM_GCC_541\Debug\cyutils.o -mcpu=cortex-m0 -mthumb -I. -IGenerated_Source\PSoC4 -Wa,-alh=.\CortexM0\ARM_GCC_541\Debug/cyutils.lst -g -D DEBUG -Wall -ffunction-sections -ffat-lto-objects -Og
arm-none-eabi-gcc.exe -c Generated_Source\PSoC4\CyLFClk.c -o .\CortexM0\ARM_GCC_541\Debug\CyLFClk.o -mcpu=cortex-m0 -mthumb -I. -IGenerated_Source\PSoC4 -Wa,-alh=.\CortexM0\ARM_GCC_541\Debug/CyLFClk.lst -g -D DEBUG -Wall -ffunction-sections -ffat-lto-objects -Og
arm-none-eabi-gcc.exe -c Generated_Source\PSoC4\Pin_LED_R.c -o .\CortexM0\ARM_GCC_541\Debug\Pin_LED_R.o -mcpu=cortex-m0 -mthumb -I. -IGenerated_Source\PSoC4 -Wa,-alh=.\CortexM0\ARM_GCC_541\Debug/Pin_LED_R.lst -g -D DEBUG -Wall -ffunction-sections -ffat-lto-objects -Og
arm-none-eabi-gcc.exe -c Generated_Source\PSoC4\Pin_LED_R_PM.c -o .\CortexM0\ARM_GCC_541\Debug\Pin_LED_R_PM.o -mcpu=cortex-m0 -mthumb -I. -IGenerated_Source\PSoC4 -Wa,-alh=.\CortexM0\ARM_GCC_541\Debug/Pin_LED_R_PM.lst -g -D DEBUG -Wall -ffunction-sections -ffat-lto-objects -Og
arm-none-eabi-gcc.exe -c Generated_Source\PSoC4\Pin_LED_G.c -o .\CortexM0\ARM_GCC_541\Debug\Pin_LED_G.o -mcpu=cortex-m0 -mthumb -I. -IGenerated_Source\PSoC4 -Wa,-alh=.\CortexM0\ARM_GCC_541\Debug/Pin_LED_G.lst -g -D DEBUG -Wall -ffunction-sections -ffat-lto-objects -Og
arm-none-eabi-gcc.exe -c Generated_Source\PSoC4\Pin_LED_G_PM.c -o .\CortexM0\ARM_GCC_541\Debug\Pin_LED_G_PM.o -mcpu=cortex-m0 -mthumb -I. -IGenerated_Source\PSoC4 -Wa,-alh=.\CortexM0\ARM_GCC_541\Debug/Pin_LED_G_PM.lst -g -D DEBUG -Wall -ffunction-sections -ffat-lto-objects -Og
arm-none-eabi-gcc.exe -c Generated_Source\PSoC4\Pin_LED_B.c -o .\CortexM0\ARM_GCC_541\Debug\Pin_LED_B.o -mcpu=cortex-m0 -mthumb -I. -IGenerated_Source\PSoC4 -Wa,-alh=.\CortexM0\ARM_GCC_541\Debug/Pin_LED_B.lst -g -D DEBUG -Wall -ffunction-sections -ffat-lto-objects -Og
arm-none-eabi-gcc.exe -c Generated_Source\PSoC4\Pin_LED_B_PM.c -o .\CortexM0\ARM_GCC_541\Debug\Pin_LED_B_PM.o -mcpu=cortex-m0 -mthumb -I. -IGenerated_Source\PSoC4 -Wa,-alh=.\CortexM0\ARM_GCC_541\Debug/Pin_LED_B_PM.lst -g -D DEBUG -Wall -ffunction-sections -ffat-lto-objects -Og
arm-none-eabi-gcc.exe -c Generated_Source\PSoC4\Pin_LED_Ext.c -o .\CortexM0\ARM_GCC_541\Debug\Pin_LED_Ext.o -mcpu=cortex-m0 -mthumb -I. -IGenerated_Source\PSoC4 -Wa,-alh=.\CortexM0\ARM_GCC_541\Debug/Pin_LED_Ext.lst -g -D DEBUG -Wall -ffunction-sections -ffat-lto-objects -Og
arm-none-eabi-gcc.exe -c Generated_Source\PSoC4\Pin_LED_Ext_PM.c -o .\CortexM0\ARM_GCC_541\Debug\Pin_LED_Ext_PM.o -mcpu=cortex-m0 -mthumb -I. -IGenerated_Source\PSoC4 -Wa,-alh=.\CortexM0\ARM_GCC_541\Debug/Pin_LED_Ext_PM.lst -g -D DEBUG -Wall -ffunction-sections -ffat-lto-objects -Og
arm-none-eabi-gcc.exe -c Generated_Source\PSoC4\Pin_Beep.c -o .\CortexM0\ARM_GCC_541\Debug\Pin_Beep.o -mcpu=cortex-m0 -mthumb -I. -IGenerated_Source\PSoC4 -Wa,-alh=.\CortexM0\ARM_GCC_541\Debug/Pin_Beep.lst -g -D DEBUG -Wall -ffunction-sections -ffat-lto-objects -Og
arm-none-eabi-gcc.exe -c Generated_Source\PSoC4\Pin_Beep_PM.c -o .\CortexM0\ARM_GCC_541\Debug\Pin_Beep_PM.o -mcpu=cortex-m0 -mthumb -I. -IGenerated_Source\PSoC4 -Wa,-alh=.\CortexM0\ARM_GCC_541\Debug/Pin_Beep_PM.lst -g -D DEBUG -Wall -ffunction-sections -ffat-lto-objects -Og
arm-none-eabi-gcc.exe -c Generated_Source\PSoC4\ADC_SAR_Seq_1.c -o .\CortexM0\ARM_GCC_541\Debug\ADC_SAR_Seq_1.o -mcpu=cortex-m0 -mthumb -I. -IGenerated_Source\PSoC4 -Wa,-alh=.\CortexM0\ARM_GCC_541\Debug/ADC_SAR_Seq_1.lst -g -D DEBUG -Wall -ffunction-sections -ffat-lto-objects -Og
arm-none-eabi-gcc.exe -c Generated_Source\PSoC4\ADC_SAR_Seq_1_PM.c -o .\CortexM0\ARM_GCC_541\Debug\ADC_SAR_Seq_1_PM.o -mcpu=cortex-m0 -mthumb -I. -IGenerated_Source\PSoC4 -Wa,-alh=.\CortexM0\ARM_GCC_541\Debug/ADC_SAR_Seq_1_PM.lst -g -D DEBUG -Wall -ffunction-sections -ffat-lto-objects -Og
arm-none-eabi-gcc.exe -c Generated_Source\PSoC4\ADC_SAR_Seq_1_INT.c -o .\CortexM0\ARM_GCC_541\Debug\ADC_SAR_Seq_1_INT.o -mcpu=cortex-m0 -mthumb -I. -IGenerated_Source\PSoC4 -Wa,-alh=.\CortexM0\ARM_GCC_541\Debug/ADC_SAR_Seq_1_INT.lst -g -D DEBUG -Wall -ffunction-sections -ffat-lto-objects -Og
arm-none-eabi-gcc.exe -c Generated_Source\PSoC4\ADC_SAR_Seq_1_IRQ.c -o .\CortexM0\ARM_GCC_541\Debug\ADC_SAR_Seq_1_IRQ.o -mcpu=cortex-m0 -mthumb -I. -IGenerated_Source\PSoC4 -Wa,-alh=.\CortexM0\ARM_GCC_541\Debug/ADC_SAR_Seq_1_IRQ.lst -g -D DEBUG -Wall -ffunction-sections -ffat-lto-objects -Og
arm-none-eabi-gcc.exe -c Generated_Source\PSoC4\ADC_SAR_Seq_1_intClock.c -o .\CortexM0\ARM_GCC_541\Debug\ADC_SAR_Seq_1_intClock.o -mcpu=cortex-m0 -mthumb -I. -IGenerated_Source\PSoC4 -Wa,-alh=.\CortexM0\ARM_GCC_541\Debug/ADC_SAR_Seq_1_intClock.lst -g -D DEBUG -Wall -ffunction-sections -ffat-lto-objects -Og
arm-none-eabi-gcc.exe -c Generated_Source\PSoC4\Pin_Ain.c -o .\CortexM0\ARM_GCC_541\Debug\Pin_Ain.o -mcpu=cortex-m0 -mthumb -I. -IGenerated_Source\PSoC4 -Wa,-alh=.\CortexM0\ARM_GCC_541\Debug/Pin_Ain.lst -g -D DEBUG -Wall -ffunction-sections -ffat-lto-objects -Og
arm-none-eabi-gcc.exe -c Generated_Source\PSoC4\Pin_Ain_PM.c -o .\CortexM0\ARM_GCC_541\Debug\Pin_Ain_PM.o -mcpu=cortex-m0 -mthumb -I. -IGenerated_Source\PSoC4 -Wa,-alh=.\CortexM0\ARM_GCC_541\Debug/Pin_Ain_PM.lst -g -D DEBUG -Wall -ffunction-sections -ffat-lto-objects -Og
arm-none-eabi-gcc.exe -c Generated_Source\PSoC4\Blinker.c -o .\CortexM0\ARM_GCC_541\Debug\Blinker.o -mcpu=cortex-m0 -mthumb -I. -IGenerated_Source\PSoC4 -Wa,-alh=.\CortexM0\ARM_GCC_541\Debug/Blinker.lst -g -D DEBUG -Wall -ffunction-sections -ffat-lto-objects -Og
arm-none-eabi-gcc.exe -c Generated_Source\PSoC4\Blinker_PM.c -o .\CortexM0\ARM_GCC_541\Debug\Blinker_PM.o -mcpu=cortex-m0 -mthumb -I. -IGenerated_Source\PSoC4 -Wa,-alh=.\CortexM0\ARM_GCC_541\Debug/Blinker_PM.lst -g -D DEBUG -Wall -ffunction-sections -ffat-lto-objects -Og
arm-none-eabi-gcc.exe -c Generated_Source\PSoC4\Clock_1.c -o .\CortexM0\ARM_GCC_541\Debug\Clock_1.o -mcpu=cortex-m0 -mthumb -I. -IGenerated_Source\PSoC4 -Wa,-alh=.\CortexM0\ARM_GCC_541\Debug/Clock_1.lst -g -D DEBUG -Wall -ffunction-sections -ffat-lto-objects -Og
arm-none-eabi-gcc.exe -c Generated_Source\PSoC4\Pin_Button.c -o .\CortexM0\ARM_GCC_541\Debug\Pin_Button.o -mcpu=cortex-m0 -mthumb -I. -IGenerated_Source\PSoC4 -Wa,-alh=.\CortexM0\ARM_GCC_541\Debug/Pin_Button.lst -g -D DEBUG -Wall -ffunction-sections -ffat-lto-objects -Og
arm-none-eabi-gcc.exe -c Generated_Source\PSoC4\Pin_Button_PM.c -o .\CortexM0\ARM_GCC_541\Debug\Pin_Button_PM.o -mcpu=cortex-m0 -mthumb -I. -IGenerated_Source\PSoC4 -Wa,-alh=.\CortexM0\ARM_GCC_541\Debug/Pin_Button_PM.lst -g -D DEBUG -Wall -ffunction-sections -ffat-lto-objects -Og
arm-none-eabi-gcc.exe -c Generated_Source\PSoC4\Pin_Beep_Enable.c -o .\CortexM0\ARM_GCC_541\Debug\Pin_Beep_Enable.o -mcpu=cortex-m0 -mthumb -I. -IGenerated_Source\PSoC4 -Wa,-alh=.\CortexM0\ARM_GCC_541\Debug/Pin_Beep_Enable.lst -g -D DEBUG -Wall -ffunction-sections -ffat-lto-objects -Og
arm-none-eabi-gcc.exe -c Generated_Source\PSoC4\Pin_Beep_Enable_PM.c -o .\CortexM0\ARM_GCC_541\Debug\Pin_Beep_Enable_PM.o -mcpu=cortex-m0 -mthumb -I. -IGenerated_Source\PSoC4 -Wa,-alh=.\CortexM0\ARM_GCC_541\Debug/Pin_Beep_Enable_PM.lst -g -D DEBUG -Wall -ffunction-sections -ffat-lto-objects -Og
arm-none-eabi-as.exe -o .\CortexM0\ARM_GCC_541\Debug\CyBootAsmGnu.o Generated_Source\PSoC4\CyBootAsmGnu.s -mcpu=cortex-m0 -mthumb -I. -IGenerated_Source\PSoC4 -alh=.\CortexM0\ARM_GCC_541\Debug/CyBootAsmGnu.lst -g -W
arm-none-eabi-ar.exe -rs .\CortexM0\ARM_GCC_541\Debug\SmartBox.a .\CortexM0\ARM_GCC_541\Debug\BLE_1.o .\CortexM0\ARM_GCC_541\Debug\BLE_1_gatt.o .\CortexM0\ARM_GCC_541\Debug\BLE_1_eventHandler.o .\CortexM0\ARM_GCC_541\Debug\BLE_1_HAL_INT.o .\CortexM0\ARM_GCC_541\Debug\BLE_1_HAL_PVT.o .\CortexM0\ARM_GCC_541\Debug\BLE_1_custom.o .\CortexM0\ARM_GCC_541\Debug\BLE_1_bless_isr.o .\CortexM0\ARM_GCC_541\Debug\CyFlash.o .\CortexM0\ARM_GCC_541\Debug\CyLib.o .\CortexM0\ARM_GCC_541\Debug\cyPm.o .\CortexM0\ARM_GCC_541\Debug\cyutils.o .\CortexM0\ARM_GCC_541\Debug\CyLFClk.o .\CortexM0\ARM_GCC_541\Debug\Pin_LED_R.o .\CortexM0\ARM_GCC_541\Debug\Pin_LED_R_PM.o .\CortexM0\ARM_GCC_541\Debug\Pin_LED_G.o .\CortexM0\ARM_GCC_541\Debug\Pin_LED_G_PM.o .\CortexM0\ARM_GCC_541\Debug\Pin_LED_B.o .\CortexM0\ARM_GCC_541\Debug\Pin_LED_B_PM.o .\CortexM0\ARM_GCC_541\Debug\Pin_LED_Ext.o .\CortexM0\ARM_GCC_541\Debug\Pin_LED_Ext_PM.o .\CortexM0\ARM_GCC_541\Debug\Pin_Beep.o .\CortexM0\ARM_GCC_541\Debug\Pin_Beep_PM.o .\CortexM0\ARM_GCC_541\Debug\ADC_SAR_Seq_1.o .\CortexM0\ARM_GCC_541\Debug\ADC_SAR_Seq_1_PM.o .\CortexM0\ARM_GCC_541\Debug\ADC_SAR_Seq_1_INT.o .\CortexM0\ARM_GCC_541\Debug\ADC_SAR_Seq_1_IRQ.o .\CortexM0\ARM_GCC_541\Debug\ADC_SAR_Seq_1_intClock.o .\CortexM0\ARM_GCC_541\Debug\Pin_Ain.o .\CortexM0\ARM_GCC_541\Debug\Pin_Ain_PM.o .\CortexM0\ARM_GCC_541\Debug\Blinker.o .\CortexM0\ARM_GCC_541\Debug\Blinker_PM.o .\CortexM0\ARM_GCC_541\Debug\Clock_1.o .\CortexM0\ARM_GCC_541\Debug\Pin_Button.o .\CortexM0\ARM_GCC_541\Debug\Pin_Button_PM.o .\CortexM0\ARM_GCC_541\Debug\Pin_Beep_Enable.o .\CortexM0\ARM_GCC_541\Debug\Pin_Beep_Enable_PM.o .\CortexM0\ARM_GCC_541\Debug\CyBootAsmGnu.o
arm-none-eabi-ar.exe: creating .\CortexM0\ARM_GCC_541\Debug\SmartBox.a
arm-none-eabi-gcc.exe -Wl,--start-group -o E:\GitHub\SmartBox\firmware\SmartBox\SmartBox.cydsn\CortexM0\ARM_GCC_541\Debug\SmartBox.elf .\CortexM0\ARM_GCC_541\Debug\main.o .\CortexM0\ARM_GCC_541\Debug\cyfitter_cfg.o .\CortexM0\ARM_GCC_541\Debug\cymetadata.o .\CortexM0\ARM_GCC_541\Debug\Cm0Start.o .\CortexM0\ARM_GCC_541\Debug\SmartBox.a "E:\PSoC Creator\4.1\PSoC Creator\psoc\content\CyComponentLibrary\CyComponentLibrary.cylib\BLE_v3_30\Library\gccCyBLEStack_BLE_SOC_PERIPHERAL.a" "E:\PSoC Creator\4.1\PSoC Creator\psoc\content\cycomponentlibrary\CyComponentLibrary.cylib\CortexM0\ARM_GCC_541\Debug\CyComponentLibrary.a" -mcpu=cortex-m0 -mthumb -L Generated_Source\PSoC4 -Wl,-Map,.\CortexM0\ARM_GCC_541\Debug/SmartBox.map -T Generated_Source\PSoC4\cm0gcc.ld -specs=nano.specs -Wl,--gc-sections -g -ffunction-sections -Og -ffat-lto-objects -Wl,--end-group
cyelftool.exe -C E:\GitHub\SmartBox\firmware\SmartBox\SmartBox.cydsn\CortexM0\ARM_GCC_541\Debug\SmartBox.elf --flash_row_size 128 --flash_size 131072 --flash_offset 0x00000000
cyelftool.exe -S E:\GitHub\SmartBox\firmware\SmartBox\SmartBox.cydsn\CortexM0\ARM_GCC_541\Debug\SmartBox.elf
Flash used: 81060 of 131072 bytes (61.8%).
SRAM used: 10808 of 16384 bytes (66.0%). Stack: 2048 bytes. Heap: 128 bytes.
--------------- Build Succeeded: 06/27/2017 10:39:47 ---------------
